[2025-11-11 11:14:53] local.INFO: livewire.middleware {"uri":"/taquad/livewire/update","status":200} 
[2025-11-11 11:16:04] local.INFO: livewire.middleware {"uri":"/taquad/livewire/update","status":200} 
[2025-11-11 11:16:06] local.INFO: livewire.middleware {"uri":"/taquad/livewire/update","status":200} 
[2025-11-11 11:16:08] local.INFO: livewire.middleware {"uri":"/taquad/livewire/update","status":200} 
[2025-11-11 11:16:10] local.INFO: livewire.middleware {"uri":"/taquad/livewire/update","status":200} 
[2025-11-11 11:16:12] local.INFO: WorkspaceComponent@sendMessage:start {"conversation_id":1,"user_id":1} 
[2025-11-11 11:16:12] local.INFO: messaging.store {"conversation_id":1,"message_id":29,"user_id":1,"has_attachments":false} 
[2025-11-11 11:16:12] local.INFO: WorkspaceComponent@sendMessage:stored {"message_id":29,"conversation_id":1} 
[2025-11-11 11:16:12] local.INFO: livewire.middleware {"uri":"/taquad/livewire/update","status":200} 
[2025-11-11 11:16:15] local.INFO: livewire.middleware {"uri":"/taquad/livewire/update","status":200} 
[2025-11-11 11:16:19] local.INFO: livewire.middleware {"uri":"/taquad/livewire/update","status":200} 
[2025-11-11 11:16:27] local.INFO: livewire.middleware {"uri":"/taquad/livewire/update","status":200} 
[2025-11-11 11:16:34] local.INFO: livewire.middleware {"uri":"/taquad/livewire/update","status":200} 
[2025-11-11 11:16:41] local.INFO: livewire.middleware {"uri":"/taquad/livewire/update","status":200} 
[2025-11-11 11:16:48] local.INFO: livewire.middleware {"uri":"/taquad/livewire/update","status":200} 
[2025-11-11 11:16:55] local.INFO: livewire.middleware {"uri":"/taquad/livewire/update","status":200} 
[2025-11-11 11:17:02] local.INFO: livewire.middleware {"uri":"/taquad/livewire/update","status":200} 
[2025-11-11 11:17:09] local.INFO: livewire.middleware {"uri":"/taquad/livewire/update","status":200} 
[2025-11-11 11:17:16] local.INFO: livewire.middleware {"uri":"/taquad/livewire/update","status":200} 
[2025-11-11 11:17:23] local.INFO: livewire.middleware {"uri":"/taquad/livewire/update","status":200} 
[2025-11-11 11:17:30] local.INFO: livewire.middleware {"uri":"/taquad/livewire/update","status":200} 
[2025-11-11 11:18:31] local.INFO: livewire.middleware {"uri":"/taquad/livewire/update","status":200} 
[2025-11-11 11:18:36] local.INFO: livewire.middleware {"uri":"/taquad/livewire/update","status":200} 
[2025-11-11 11:18:41] local.INFO: livewire.middleware {"uri":"/taquad/livewire/update","status":200} 
[2025-11-11 11:18:47] local.INFO: livewire.middleware {"uri":"/taquad/livewire/update","status":200} 
[2025-11-11 11:18:55] local.INFO: livewire.middleware {"uri":"/taquad/livewire/update","status":200} 
[2025-11-11 11:19:02] local.INFO: livewire.middleware {"uri":"/taquad/livewire/update","status":200} 
[2025-11-11 11:19:08] local.INFO: livewire.middleware {"uri":"/taquad/livewire/update","status":200} 
[2025-11-11 11:19:15] local.INFO: livewire.middleware {"uri":"/taquad/livewire/update","status":200} 
[2025-11-11 11:19:22] local.INFO: livewire.middleware {"uri":"/taquad/livewire/update","status":200} 
[2025-11-11 11:19:29] local.INFO: livewire.middleware {"uri":"/taquad/livewire/update","status":200} 
[2025-11-11 11:19:36] local.INFO: livewire.middleware {"uri":"/taquad/livewire/update","status":200} 
[2025-11-11 11:19:43] local.INFO: livewire.middleware {"uri":"/taquad/livewire/update","status":200} 
[2025-11-11 11:21:07] local.INFO: livewire.middleware {"uri":"/taquad/livewire/update","status":200} 
[2025-11-11 11:21:12] local.INFO: livewire.middleware {"uri":"/taquad/livewire/update","status":200} 
[2025-11-11 11:21:17] local.INFO: livewire.middleware {"uri":"/taquad/livewire/update","status":200} 
[2025-11-11 11:21:21] local.INFO: livewire.middleware {"uri":"/taquad/livewire/update","status":200} 
[2025-11-11 11:21:29] local.INFO: livewire.middleware {"uri":"/taquad/livewire/update","status":200} 
[2025-11-11 11:21:35] local.INFO: livewire.middleware {"uri":"/taquad/livewire/update","status":200} 
[2025-11-11 11:21:49] local.INFO: livewire.middleware {"uri":"/taquad/livewire/update","status":200} 
[2025-11-11 11:21:56] local.INFO: livewire.middleware {"uri":"/taquad/livewire/update","status":200} 
[2025-11-11 11:22:00] local.INFO: livewire.middleware {"uri":"/taquad/livewire/update","status":200} 
[2025-11-11 11:22:04] local.INFO: livewire.middleware {"uri":"/taquad/livewire/update","status":200} 
[2025-11-11 11:22:10] local.INFO: livewire.middleware {"uri":"/taquad/livewire/update","status":200} 
[2025-11-11 11:22:17] local.INFO: livewire.middleware {"uri":"/taquad/livewire/update","status":200} 
[2025-11-11 11:22:27] local.INFO: livewire.middleware {"uri":"/taquad/livewire/update","status":200} 
[2025-11-11 11:22:31] local.INFO: livewire.middleware {"uri":"/taquad/livewire/update","status":200} 
[2025-11-11 11:22:38] local.INFO: livewire.middleware {"uri":"/taquad/livewire/update","status":200} 
[2025-11-11 11:22:51] local.INFO: livewire.middleware {"uri":"/taquad/livewire/update","status":200} 
[2025-11-11 11:22:54] local.INFO: livewire.middleware {"uri":"/taquad/livewire/update","status":200} 
[2025-11-11 11:23:04] local.INFO: livewire.middleware {"uri":"/taquad/livewire/update","status":200} 
[2025-11-11 11:23:04] local.INFO: livewire.middleware {"uri":"/taquad/livewire/update","status":200} 
[2025-11-11 11:23:10] local.INFO: livewire.middleware {"uri":"/taquad/livewire/update","status":200} 
[2025-11-11 11:23:10] local.INFO: livewire.middleware {"uri":"/taquad/livewire/update","status":200} 
[2025-11-11 11:23:15] local.INFO: livewire.middleware {"uri":"/taquad/livewire/update","status":200} 
[2025-11-11 11:23:20] local.INFO: livewire.middleware {"uri":"/taquad/livewire/update","status":200} 
[2025-11-11 11:23:30] local.INFO: livewire.middleware {"uri":"/taquad/livewire/update","status":200} 
[2025-11-11 11:23:44] local.INFO: livewire.middleware {"uri":"/taquad/livewire/update","status":200} 
[2025-11-11 11:24:00] local.INFO: livewire.middleware {"uri":"/taquad/livewire/update","status":200} 
[2025-11-11 11:24:03] local.INFO: livewire.middleware {"uri":"/taquad/livewire/update","status":200} 
[2025-11-11 11:24:07] local.INFO: livewire.middleware {"uri":"/taquad/livewire/update","status":200} 
[2025-11-11 11:24:16] local.INFO: livewire.middleware {"uri":"/taquad/livewire/update","status":200} 
[2025-11-11 11:24:23] local.INFO: livewire.middleware {"uri":"/taquad/livewire/update","status":200} 
[2025-11-11 11:24:30] local.INFO: livewire.middleware {"uri":"/taquad/livewire/update","status":200} 
[2025-11-11 11:24:37] local.INFO: livewire.middleware {"uri":"/taquad/livewire/update","status":200} 
[2025-11-11 11:24:40] local.INFO: livewire.middleware {"uri":"/taquad/livewire/update","status":200} 
[2025-11-11 11:24:43] local.INFO: WorkspaceComponent@sendMessage:start {"conversation_id":1,"user_id":1} 
[2025-11-11 11:24:43] local.INFO: messaging.store {"conversation_id":1,"message_id":30,"user_id":1,"has_attachments":false} 
[2025-11-11 11:24:43] local.INFO: WorkspaceComponent@sendMessage:stored {"message_id":30,"conversation_id":1} 
[2025-11-11 11:24:43] local.INFO: livewire.middleware {"uri":"/taquad/livewire/update","status":200} 
[2025-11-11 11:24:45] local.INFO: livewire.middleware {"uri":"/taquad/livewire/update","status":200} 
[2025-11-11 11:24:50] local.INFO: livewire.middleware {"uri":"/taquad/livewire/update","status":200} 
[2025-11-11 11:24:58] local.INFO: livewire.middleware {"uri":"/taquad/livewire/update","status":200} 
[2025-11-11 11:25:03] local.INFO: livewire.middleware {"uri":"/taquad/livewire/update","status":200} 
[2025-11-11 11:25:15] local.INFO: livewire.middleware {"uri":"/taquad/livewire/update","status":200} 
[2025-11-11 11:25:30] local.INFO: livewire.middleware {"uri":"/taquad/livewire/update","status":200} 
[2025-11-11 11:25:39] local.INFO: livewire.middleware {"uri":"/taquad/livewire/update","status":200} 
[2025-11-11 11:25:41] local.INFO: livewire.middleware {"uri":"/taquad/livewire/update","status":200} 
[2025-11-11 11:25:50] local.INFO: livewire.middleware {"uri":"/taquad/livewire/update","status":200} 
[2025-11-11 11:25:56] local.INFO: livewire.middleware {"uri":"/taquad/livewire/update","status":200} 
[2025-11-11 11:26:04] local.INFO: livewire.middleware {"uri":"/taquad/livewire/update","status":200} 
[2025-11-11 11:26:12] local.INFO: livewire.middleware {"uri":"/taquad/livewire/update","status":200} 
[2025-11-11 11:26:17] local.INFO: livewire.middleware {"uri":"/taquad/livewire/update","status":200} 
[2025-11-11 11:26:25] local.INFO: livewire.middleware {"uri":"/taquad/livewire/update","status":200} 
[2025-11-11 11:26:31] local.INFO: livewire.middleware {"uri":"/taquad/livewire/update","status":200} 
[2025-11-11 11:26:38] local.INFO: livewire.middleware {"uri":"/taquad/livewire/update","status":200} 
[2025-11-11 11:27:14] local.INFO: livewire.middleware {"uri":"/taquad/livewire/update","status":200} 
[2025-11-11 11:27:17] local.INFO: livewire.middleware {"uri":"/taquad/livewire/update","status":200} 
[2025-11-11 11:27:22] local.INFO: livewire.middleware {"uri":"/taquad/livewire/update","status":200} 
[2025-11-11 11:27:38] local.INFO: livewire.middleware {"uri":"/taquad/livewire/update","status":200} 
[2025-11-11 11:27:40] local.INFO: livewire.middleware {"uri":"/taquad/livewire/update","status":200} 
[2025-11-11 11:27:42] local.INFO: WorkspaceComponent@sendMessage:start {"conversation_id":1,"user_id":1} 
[2025-11-11 11:27:42] local.INFO: messaging.store {"conversation_id":1,"message_id":31,"user_id":1,"has_attachments":false} 
[2025-11-11 11:27:42] local.INFO: WorkspaceComponent@sendMessage:stored {"message_id":31,"conversation_id":1} 
[2025-11-11 11:27:43] local.INFO: livewire.middleware {"uri":"/taquad/livewire/update","status":200} 
[2025-11-11 11:27:44] local.INFO: livewire.middleware {"uri":"/taquad/livewire/update","status":200} 
[2025-11-11 11:27:48] local.INFO: livewire.middleware {"uri":"/taquad/livewire/update","status":200} 
[2025-11-11 11:27:55] local.INFO: livewire.middleware {"uri":"/taquad/livewire/update","status":200} 
[2025-11-11 11:28:03] local.INFO: livewire.middleware {"uri":"/taquad/livewire/update","status":200} 
[2025-11-11 11:28:04] local.INFO: livewire.middleware {"uri":"/taquad/livewire/update","status":200} 
[2025-11-11 11:28:07] local.INFO: livewire.middleware {"uri":"/taquad/livewire/update","status":200} 
[2025-11-11 11:28:09] local.INFO: WorkspaceComponent@sendMessage:start {"conversation_id":1,"user_id":1} 
[2025-11-11 11:28:09] local.INFO: messaging.store {"conversation_id":1,"message_id":32,"user_id":1,"has_attachments":true} 
[2025-11-11 11:28:09] local.INFO: WorkspaceComponent@sendMessage:stored {"message_id":32,"conversation_id":1} 
[2025-11-11 11:28:09] local.INFO: livewire.middleware {"uri":"/taquad/livewire/update","status":200} 
[2025-11-11 11:28:11] local.INFO: livewire.middleware {"uri":"/taquad/livewire/update","status":200} 
[2025-11-11 11:28:18] local.INFO: livewire.middleware {"uri":"/taquad/livewire/update","status":200} 
[2025-11-11 11:28:19] local.ERROR: Property [$0] not found on component: [main.conversations.workspace-component] {"userId":1,"exception":"[object] (Livewire\\Exceptions\\PropertyNotFoundException(code: 0): Property [$0] not found on component: [main.conversations.workspace-component] at C:\\xampp\\htdocs\\taquad\\vendor\\livewire\\livewire\\src\\Component.php:105)
[stacktrace]
#0 C:\\xampp\\htdocs\\taquad\\vendor\\livewire\\livewire\\src\\Concerns\\InteractsWithProperties.php(17): Livewire\\Component->__get('0')
#1 C:\\xampp\\htdocs\\taquad\\vendor\\livewire\\livewire\\src\\Features\\SupportFileUploads\\WithFileUploads.php(80): Livewire\\Component->getPropertyValue(0)
#2 C:\\xampp\\htdocs\\taquad\\vendor\\laravel\\framework\\src\\Illuminate\\Container\\BoundMethod.php(36): App\\Livewire\\Main\\Conversations\\WorkspaceComponent->_removeUpload(0, NULL)
#3 C:\\xampp\\htdocs\\taquad\\vendor\\laravel\\framework\\src\\Illuminate\\Container\\Util.php(41): Illuminate\\Container\\BoundMethod::Illuminate\\Container\\{closure}()
#4 C:\\xampp\\htdocs\\taquad\\vendor\\laravel\\framework\\src\\Illuminate\\Container\\BoundMethod.php(93): Illuminate\\Container\\Util::unwrapIfClosure(Object(Closure))
#5 C:\\xampp\\htdocs\\taquad\\vendor\\laravel\\framework\\src\\Illuminate\\Container\\BoundMethod.php(35): Illuminate\\Container\\BoundMethod::callBoundMethod(Object(Illuminate\\Foundation\\Application), Array, Object(Closure))
#6 C:\\xampp\\htdocs\\taquad\\vendor\\livewire\\livewire\\src\\Wrapped.php(23): Illuminate\\Container\\BoundMethod::call(Object(Illuminate\\Foundation\\Application), Array, Array)
#7 C:\\xampp\\htdocs\\taquad\\vendor\\livewire\\livewire\\src\\Mechanisms\\HandleComponents\\HandleComponents.php(492): Livewire\\Wrapped->__call('_removeUpload', Array)
#8 C:\\xampp\\htdocs\\taquad\\vendor\\livewire\\livewire\\src\\Mechanisms\\HandleComponents\\HandleComponents.php(101): Livewire\\Mechanisms\\HandleComponents\\HandleComponents->callMethods(Object(App\\Livewire\\Main\\Conversations\\WorkspaceComponent), Array, Object(Livewire\\Mechanisms\\HandleComponents\\ComponentContext))
#9 C:\\xampp\\htdocs\\taquad\\vendor\\livewire\\livewire\\src\\LivewireManager.php(102): Livewire\\Mechanisms\\HandleComponents\\HandleComponents->update(Array, Array, Array)
#10 C:\\xampp\\htdocs\\taquad\\vendor\\livewire\\livewire\\src\\Mechanisms\\HandleRequests\\HandleRequests.php(94): Livewire\\LivewireManager->update(Array, Array, Array)
#11 C:\\xampp\\htdocs\\taquad\\vendor\\laravel\\framework\\src\\Illuminate\\Routing\\ControllerDispatcher.php(46): Livewire\\Mechanisms\\HandleRequests\\HandleRequests->handleUpdate()
#12 C:\\xampp\\htdocs\\taquad\\vendor\\laravel\\framework\\src\\Illuminate\\Routing\\Route.php(259): Illuminate\\Routing\\ControllerDispatcher->dispatch(Object(Illuminate\\Routing\\Route), Object(Livewire\\Mechanisms\\HandleRequests\\HandleRequests), 'handleUpdate')
#13 C:\\xampp\\htdocs\\taquad\\vendor\\laravel\\framework\\src\\Illuminate\\Routing\\Route.php(205): Illuminate\\Routing\\Route->runController()
#14 C:\\xampp\\htdocs\\taquad\\vendor\\laravel\\framework\\src\\Illuminate\\Routing\\Router.php(806): Illuminate\\Routing\\Route->run()
#15 C:\\xampp\\htdocs\\taquad\\vendor\\laravel\\framework\\src\\Illuminate\\Pipeline\\Pipeline.php(144): Illuminate\\Routing\\Router->Illuminate\\Routing\\{closure}(Object(Illuminate\\Http\\Request))
#16 C:\\xampp\\htdocs\\taquad\\vendor\\barryvdh\\laravel-debugbar\\src\\Middleware\\InjectDebugbar.php(66): Illuminate\\Pipeline\\Pipeline->Illuminate\\Pipeline\\{closure}(Object(Illuminate\\Http\\Request))
#17 C:\\xampp\\htdocs\\taquad\\vendor\\laravel\\framework\\src\\Illuminate\\Pipeline\\Pipeline.php(183): Barryvdh\\Debugbar\\Middleware\\InjectDebugbar->handle(Object(Illuminate\\Http\\Request), Object(Closure))
#18 C:\\xampp\\htdocs\\taquad\\app\\Http\\Middleware\\SwitchTheme.php(41): Illuminate\\Pipeline\\Pipeline->Illuminate\\Pipeline\\{closure}(Object(Illuminate\\Http\\Request))
#19 C:\\xampp\\htdocs\\taquad\\vendor\\laravel\\framework\\src\\Illuminate\\Pipeline\\Pipeline.php(183): App\\Http\\Middleware\\SwitchTheme->handle(Object(Illuminate\\Http\\Request), Object(Closure))
#20 C:\\xampp\\htdocs\\taquad\\app\\Http\\Middleware\\XFrameHeaders.php(31): Illuminate\\Pipeline\\Pipeline->Illuminate\\Pipeline\\{closure}(Object(Illuminate\\Http\\Request))
#21 C:\\xampp\\htdocs\\taquad\\vendor\\laravel\\framework\\src\\Illuminate\\Pipeline\\Pipeline.php(183): App\\Http\\Middleware\\XFrameHeaders->handle(Object(Illuminate\\Http\\Request), Object(Closure))
#22 C:\\xampp\\htdocs\\taquad\\app\\Http\\Middleware\\UpgradeLevel.php(28): Illuminate\\Pipeline\\Pipeline->Illuminate\\Pipeline\\{closure}(Object(Illuminate\\Http\\Request))
#23 C:\\xampp\\htdocs\\taquad\\vendor\\laravel\\framework\\src\\Illuminate\\Pipeline\\Pipeline.php(183): App\\Http\\Middleware\\UpgradeLevel->handle(Object(Illuminate\\Http\\Request), Object(Closure))
#24 C:\\xampp\\htdocs\\taquad\\app\\Http\\Middleware\\UserLastActivity.php(25): Illuminate\\Pipeline\\Pipeline->Illuminate\\Pipeline\\{closure}(Object(Illuminate\\Http\\Request))
#25 C:\\xampp\\htdocs\\taquad\\vendor\\laravel\\framework\\src\\Illuminate\\Pipeline\\Pipeline.php(183): App\\Http\\Middleware\\UserLastActivity->handle(Object(Illuminate\\Http\\Request), Object(Closure))
#26 C:\\xampp\\htdocs\\taquad\\app\\Http\\Middleware\\SetLocale.php(97): Illuminate\\Pipeline\\Pipeline->Illuminate\\Pipeline\\{closure}(Object(Illuminate\\Http\\Request))
#27 C:\\xampp\\htdocs\\taquad\\vendor\\laravel\\framework\\src\\Illuminate\\Pipeline\\Pipeline.php(183): App\\Http\\Middleware\\SetLocale->handle(Object(Illuminate\\Http\\Request), Object(Closure))
#28 C:\\xampp\\htdocs\\taquad\\vendor\\laravel\\framework\\src\\Illuminate\\Routing\\Middleware\\SubstituteBindings.php(50): Illuminate\\Pipeline\\Pipeline->Illuminate\\Pipeline\\{closure}(Object(Illuminate\\Http\\Request))
#29 C:\\xampp\\htdocs\\taquad\\vendor\\laravel\\framework\\src\\Illuminate\\Pipeline\\Pipeline.php(183): Illuminate\\Routing\\Middleware\\SubstituteBindings->handle(Object(Illuminate\\Http\\Request), Object(Closure))
#30 C:\\xampp\\htdocs\\taquad\\vendor\\laravel\\framework\\src\\Illuminate\\Session\\Middleware\\AuthenticateSession.php(60): Illuminate\\Pipeline\\Pipeline->Illuminate\\Pipeline\\{closure}(Object(Illuminate\\Http\\Request))
#31 C:\\xampp\\htdocs\\taquad\\vendor\\laravel\\framework\\src\\Illuminate\\Pipeline\\Pipeline.php(183): Illuminate\\Session\\Middleware\\AuthenticateSession->handle(Object(Illuminate\\Http\\Request), Object(Closure))
#32 C:\\xampp\\htdocs\\taquad\\app\\Http\\Middleware\\LogLivewire.php(12): Illuminate\\Pipeline\\Pipeline->Illuminate\\Pipeline\\{closure}(Object(Illuminate\\Http\\Request))
#33 C:\\xampp\\htdocs\\taquad\\vendor\\laravel\\framework\\src\\Illuminate\\Pipeline\\Pipeline.php(183): App\\Http\\Middleware\\LogLivewire->handle(Object(Illuminate\\Http\\Request), Object(Closure))
#34 C:\\xampp\\htdocs\\taquad\\vendor\\laravel\\framework\\src\\Illuminate\\Foundation\\Http\\Middleware\\VerifyCsrfToken.php(78): Illuminate\\Pipeline\\Pipeline->Illuminate\\Pipeline\\{closure}(Object(Illuminate\\Http\\Request))
#35 C:\\xampp\\htdocs\\taquad\\vendor\\laravel\\framework\\src\\Illuminate\\Pipeline\\Pipeline.php(183): Illuminate\\Foundation\\Http\\Middleware\\VerifyCsrfToken->handle(Object(Illuminate\\Http\\Request), Object(Closure))
#36 C:\\xampp\\htdocs\\taquad\\vendor\\laravel\\framework\\src\\Illuminate\\View\\Middleware\\ShareErrorsFromSession.php(49): Illuminate\\Pipeline\\Pipeline->Illuminate\\Pipeline\\{closure}(Object(Illuminate\\Http\\Request))
#37 C:\\xampp\\htdocs\\taquad\\vendor\\laravel\\framework\\src\\Illuminate\\Pipeline\\Pipeline.php(183): Illuminate\\View\\Middleware\\ShareErrorsFromSession->handle(Object(Illuminate\\Http\\Request), Object(Closure))
#38 C:\\xampp\\htdocs\\taquad\\vendor\\laravel\\framework\\src\\Illuminate\\Session\\Middleware\\StartSession.php(121): Illuminate\\Pipeline\\Pipeline->Illuminate\\Pipeline\\{closure}(Object(Illuminate\\Http\\Request))
#39 C:\\xampp\\htdocs\\taquad\\vendor\\laravel\\framework\\src\\Illuminate\\Session\\Middleware\\StartSession.php(64): Illuminate\\Session\\Middleware\\StartSession->handleStatefulRequest(Object(Illuminate\\Http\\Request), Object(Illuminate\\Session\\EncryptedStore), Object(Closure))
#40 C:\\xampp\\htdocs\\taquad\\vendor\\laravel\\framework\\src\\Illuminate\\Pipeline\\Pipeline.php(183): Illuminate\\Session\\Middleware\\StartSession->handle(Object(Illuminate\\Http\\Request), Object(Closure))
#41 C:\\xampp\\htdocs\\taquad\\vendor\\laravel\\framework\\src\\Illuminate\\Cookie\\Middleware\\AddQueuedCookiesToResponse.php(37): Illuminate\\Pipeline\\Pipeline->Illuminate\\Pipeline\\{closure}(Object(Illuminate\\Http\\Request))
#42 C:\\xampp\\htdocs\\taquad\\vendor\\laravel\\framework\\src\\Illuminate\\Pipeline\\Pipeline.php(183): Illuminate\\Cookie\\Middleware\\AddQueuedCookiesToResponse->handle(Object(Illuminate\\Http\\Request), Object(Closure))
#43 C:\\xampp\\htdocs\\taquad\\vendor\\laravel\\framework\\src\\Illuminate\\Cookie\\Middleware\\EncryptCookies.php(67): Illuminate\\Pipeline\\Pipeline->Illuminate\\Pipeline\\{closure}(Object(Illuminate\\Http\\Request))
#44 C:\\xampp\\htdocs\\taquad\\vendor\\laravel\\framework\\src\\Illuminate\\Pipeline\\Pipeline.php(183): Illuminate\\Cookie\\Middleware\\EncryptCookies->handle(Object(Illuminate\\Http\\Request), Object(Closure))
#45 C:\\xampp\\htdocs\\taquad\\vendor\\laravel\\framework\\src\\Illuminate\\Pipeline\\Pipeline.php(119): Illuminate\\Pipeline\\Pipeline->Illuminate\\Pipeline\\{closure}(Object(Illuminate\\Http\\Request))
#46 C:\\xampp\\htdocs\\taquad\\vendor\\laravel\\framework\\src\\Illuminate\\Routing\\Router.php(805): Illuminate\\Pipeline\\Pipeline->then(Object(Closure))
#47 C:\\xampp\\htdocs\\taquad\\vendor\\laravel\\framework\\src\\Illuminate\\Routing\\Router.php(784): Illuminate\\Routing\\Router->runRouteWithinStack(Object(Illuminate\\Routing\\Route), Object(Illuminate\\Http\\Request))
#48 C:\\xampp\\htdocs\\taquad\\vendor\\laravel\\framework\\src\\Illuminate\\Routing\\Router.php(748): Illuminate\\Routing\\Router->runRoute(Object(Illuminate\\Http\\Request), Object(Illuminate\\Routing\\Route))
#49 C:\\xampp\\htdocs\\taquad\\vendor\\laravel\\framework\\src\\Illuminate\\Routing\\Router.php(737): Illuminate\\Routing\\Router->dispatchToRoute(Object(Illuminate\\Http\\Request))
#50 C:\\xampp\\htdocs\\taquad\\vendor\\laravel\\framework\\src\\Illuminate\\Foundation\\Http\\Kernel.php(200): Illuminate\\Routing\\Router->dispatch(Object(Illuminate\\Http\\Request))
#51 C:\\xampp\\htdocs\\taquad\\vendor\\laravel\\framework\\src\\Illuminate\\Pipeline\\Pipeline.php(144): Illuminate\\Foundation\\Http\\Kernel->Illuminate\\Foundation\\Http\\{closure}(Object(Illuminate\\Http\\Request))
#52 C:\\xampp\\htdocs\\taquad\\vendor\\livewire\\livewire\\src\\Features\\SupportDisablingBackButtonCache\\DisableBackButtonCacheMiddleware.php(19): Illuminate\\Pipeline\\Pipeline->Illuminate\\Pipeline\\{closure}(Object(Illuminate\\Http\\Request))
#53 C:\\xampp\\htdocs\\taquad\\vendor\\laravel\\framework\\src\\Illuminate\\Pipeline\\Pipeline.php(183): Livewire\\Features\\SupportDisablingBackButtonCache\\DisableBackButtonCacheMiddleware->handle(Object(Illuminate\\Http\\Request), Object(Closure))
#54 C:\\xampp\\htdocs\\taquad\\vendor\\barryvdh\\laravel-debugbar\\src\\Middleware\\InjectDebugbar.php(66): Illuminate\\Pipeline\\Pipeline->Illuminate\\Pipeline\\{closure}(Object(Illuminate\\Http\\Request))
#55 C:\\xampp\\htdocs\\taquad\\vendor\\laravel\\framework\\src\\Illuminate\\Pipeline\\Pipeline.php(183): Barryvdh\\Debugbar\\Middleware\\InjectDebugbar->handle(Object(Illuminate\\Http\\Request), Object(Closure))
#56 C:\\xampp\\htdocs\\taquad\\vendor\\laravel\\framework\\src\\Illuminate\\Foundation\\Http\\Middleware\\ConvertEmptyStringsToNull.php(27): Illuminate\\Pipeline\\Pipeline->Illuminate\\Pipeline\\{closure}(Object(Illuminate\\Http\\Request))
#57 C:\\xampp\\htdocs\\taquad\\vendor\\laravel\\framework\\src\\Illuminate\\Pipeline\\Pipeline.php(183): Illuminate\\Foundation\\Http\\Middleware\\ConvertEmptyStringsToNull->handle(Object(Illuminate\\Http\\Request), Object(Closure))
#58 C:\\xampp\\htdocs\\taquad\\vendor\\laravel\\framework\\src\\Illuminate\\Foundation\\Http\\Middleware\\TrimStrings.php(36): Illuminate\\Pipeline\\Pipeline->Illuminate\\Pipeline\\{closure}(Object(Illuminate\\Http\\Request))
#59 C:\\xampp\\htdocs\\taquad\\vendor\\laravel\\framework\\src\\Illuminate\\Pipeline\\Pipeline.php(183): Illuminate\\Foundation\\Http\\Middleware\\TrimStrings->handle(Object(Illuminate\\Http\\Request), Object(Closure))
#60 C:\\xampp\\htdocs\\taquad\\vendor\\laravel\\framework\\src\\Illuminate\\Foundation\\Http\\Middleware\\ValidatePostSize.php(27): Illuminate\\Pipeline\\Pipeline->Illuminate\\Pipeline\\{closure}(Object(Illuminate\\Http\\Request))
#61 C:\\xampp\\htdocs\\taquad\\vendor\\laravel\\framework\\src\\Illuminate\\Pipeline\\Pipeline.php(183): Illuminate\\Foundation\\Http\\Middleware\\ValidatePostSize->handle(Object(Illuminate\\Http\\Request), Object(Closure))
#62 C:\\xampp\\htdocs\\taquad\\vendor\\laravel\\framework\\src\\Illuminate\\Foundation\\Http\\Middleware\\PreventRequestsDuringMaintenance.php(51): Illuminate\\Pipeline\\Pipeline->Illuminate\\Pipeline\\{closure}(Object(Illuminate\\Http\\Request))
#63 C:\\xampp\\htdocs\\taquad\\vendor\\laravel\\framework\\src\\Illuminate\\Pipeline\\Pipeline.php(183): Illuminate\\Foundation\\Http\\Middleware\\PreventRequestsDuringMaintenance->handle(Object(Illuminate\\Http\\Request), Object(Closure))
#64 C:\\xampp\\htdocs\\taquad\\vendor\\laravel\\framework\\src\\Illuminate\\Http\\Middleware\\HandleCors.php(49): Illuminate\\Pipeline\\Pipeline->Illuminate\\Pipeline\\{closure}(Object(Illuminate\\Http\\Request))
#65 C:\\xampp\\htdocs\\taquad\\vendor\\laravel\\framework\\src\\Illuminate\\Pipeline\\Pipeline.php(183): Illuminate\\Http\\Middleware\\HandleCors->handle(Object(Illuminate\\Http\\Request), Object(Closure))
#66 C:\\xampp\\htdocs\\taquad\\vendor\\laravel\\framework\\src\\Illuminate\\Http\\Middleware\\TrustProxies.php(39): Illuminate\\Pipeline\\Pipeline->Illuminate\\Pipeline\\{closure}(Object(Illuminate\\Http\\Request))
#67 C:\\xampp\\htdocs\\taquad\\vendor\\laravel\\framework\\src\\Illuminate\\Pipeline\\Pipeline.php(183): Illuminate\\Http\\Middleware\\TrustProxies->handle(Object(Illuminate\\Http\\Request), Object(Closure))
#68 C:\\xampp\\htdocs\\taquad\\vendor\\laravel\\framework\\src\\Illuminate\\Pipeline\\Pipeline.php(119): Illuminate\\Pipeline\\Pipeline->Illuminate\\Pipeline\\{closure}(Object(Illuminate\\Http\\Request))
#69 C:\\xampp\\htdocs\\taquad\\vendor\\laravel\\framework\\src\\Illuminate\\Foundation\\Http\\Kernel.php(175): Illuminate\\Pipeline\\Pipeline->then(Object(Closure))
#70 C:\\xampp\\htdocs\\taquad\\vendor\\laravel\\framework\\src\\Illuminate\\Foundation\\Http\\Kernel.php(144): Illuminate\\Foundation\\Http\\Kernel->sendRequestThroughRouter(Object(Illuminate\\Http\\Request))
#71 C:\\xampp\\htdocs\\taquad\\index.php(52): Illuminate\\Foundation\\Http\\Kernel->handle(Object(Illuminate\\Http\\Request))
#72 {main}
"} 
[2025-11-11 11:28:20] local.INFO: livewire.middleware {"uri":"/taquad/livewire/update","status":500} 
[2025-11-11 11:28:23] local.ERROR: Property [$0] not found on component: [main.conversations.workspace-component] {"userId":1,"exception":"[object] (Livewire\\Exceptions\\PropertyNotFoundException(code: 0): Property [$0] not found on component: [main.conversations.workspace-component] at C:\\xampp\\htdocs\\taquad\\vendor\\livewire\\livewire\\src\\Component.php:105)
[stacktrace]
#0 C:\\xampp\\htdocs\\taquad\\vendor\\livewire\\livewire\\src\\Concerns\\InteractsWithProperties.php(17): Livewire\\Component->__get('0')
#1 C:\\xampp\\htdocs\\taquad\\vendor\\livewire\\livewire\\src\\Features\\SupportFileUploads\\WithFileUploads.php(80): Livewire\\Component->getPropertyValue(0)
#2 C:\\xampp\\htdocs\\taquad\\vendor\\laravel\\framework\\src\\Illuminate\\Container\\BoundMethod.php(36): App\\Livewire\\Main\\Conversations\\WorkspaceComponent->_removeUpload(0, NULL)
#3 C:\\xampp\\htdocs\\taquad\\vendor\\laravel\\framework\\src\\Illuminate\\Container\\Util.php(41): Illuminate\\Container\\BoundMethod::Illuminate\\Container\\{closure}()
#4 C:\\xampp\\htdocs\\taquad\\vendor\\laravel\\framework\\src\\Illuminate\\Container\\BoundMethod.php(93): Illuminate\\Container\\Util::unwrapIfClosure(Object(Closure))
#5 C:\\xampp\\htdocs\\taquad\\vendor\\laravel\\framework\\src\\Illuminate\\Container\\BoundMethod.php(35): Illuminate\\Container\\BoundMethod::callBoundMethod(Object(Illuminate\\Foundation\\Application), Array, Object(Closure))
#6 C:\\xampp\\htdocs\\taquad\\vendor\\livewire\\livewire\\src\\Wrapped.php(23): Illuminate\\Container\\BoundMethod::call(Object(Illuminate\\Foundation\\Application), Array, Array)
#7 C:\\xampp\\htdocs\\taquad\\vendor\\livewire\\livewire\\src\\Mechanisms\\HandleComponents\\HandleComponents.php(492): Livewire\\Wrapped->__call('_removeUpload', Array)
#8 C:\\xampp\\htdocs\\taquad\\vendor\\livewire\\livewire\\src\\Mechanisms\\HandleComponents\\HandleComponents.php(101): Livewire\\Mechanisms\\HandleComponents\\HandleComponents->callMethods(Object(App\\Livewire\\Main\\Conversations\\WorkspaceComponent), Array, Object(Livewire\\Mechanisms\\HandleComponents\\ComponentContext))
#9 C:\\xampp\\htdocs\\taquad\\vendor\\livewire\\livewire\\src\\LivewireManager.php(102): Livewire\\Mechanisms\\HandleComponents\\HandleComponents->update(Array, Array, Array)
#10 C:\\xampp\\htdocs\\taquad\\vendor\\livewire\\livewire\\src\\Mechanisms\\HandleRequests\\HandleRequests.php(94): Livewire\\LivewireManager->update(Array, Array, Array)
#11 C:\\xampp\\htdocs\\taquad\\vendor\\laravel\\framework\\src\\Illuminate\\Routing\\ControllerDispatcher.php(46): Livewire\\Mechanisms\\HandleRequests\\HandleRequests->handleUpdate()
#12 C:\\xampp\\htdocs\\taquad\\vendor\\laravel\\framework\\src\\Illuminate\\Routing\\Route.php(259): Illuminate\\Routing\\ControllerDispatcher->dispatch(Object(Illuminate\\Routing\\Route), Object(Livewire\\Mechanisms\\HandleRequests\\HandleRequests), 'handleUpdate')
#13 C:\\xampp\\htdocs\\taquad\\vendor\\laravel\\framework\\src\\Illuminate\\Routing\\Route.php(205): Illuminate\\Routing\\Route->runController()
#14 C:\\xampp\\htdocs\\taquad\\vendor\\laravel\\framework\\src\\Illuminate\\Routing\\Router.php(806): Illuminate\\Routing\\Route->run()
#15 C:\\xampp\\htdocs\\taquad\\vendor\\laravel\\framework\\src\\Illuminate\\Pipeline\\Pipeline.php(144): Illuminate\\Routing\\Router->Illuminate\\Routing\\{closure}(Object(Illuminate\\Http\\Request))
#16 C:\\xampp\\htdocs\\taquad\\vendor\\barryvdh\\laravel-debugbar\\src\\Middleware\\InjectDebugbar.php(66): Illuminate\\Pipeline\\Pipeline->Illuminate\\Pipeline\\{closure}(Object(Illuminate\\Http\\Request))
#17 C:\\xampp\\htdocs\\taquad\\vendor\\laravel\\framework\\src\\Illuminate\\Pipeline\\Pipeline.php(183): Barryvdh\\Debugbar\\Middleware\\InjectDebugbar->handle(Object(Illuminate\\Http\\Request), Object(Closure))
#18 C:\\xampp\\htdocs\\taquad\\app\\Http\\Middleware\\SwitchTheme.php(41): Illuminate\\Pipeline\\Pipeline->Illuminate\\Pipeline\\{closure}(Object(Illuminate\\Http\\Request))
#19 C:\\xampp\\htdocs\\taquad\\vendor\\laravel\\framework\\src\\Illuminate\\Pipeline\\Pipeline.php(183): App\\Http\\Middleware\\SwitchTheme->handle(Object(Illuminate\\Http\\Request), Object(Closure))
#20 C:\\xampp\\htdocs\\taquad\\app\\Http\\Middleware\\XFrameHeaders.php(31): Illuminate\\Pipeline\\Pipeline->Illuminate\\Pipeline\\{closure}(Object(Illuminate\\Http\\Request))
#21 C:\\xampp\\htdocs\\taquad\\vendor\\laravel\\framework\\src\\Illuminate\\Pipeline\\Pipeline.php(183): App\\Http\\Middleware\\XFrameHeaders->handle(Object(Illuminate\\Http\\Request), Object(Closure))
#22 C:\\xampp\\htdocs\\taquad\\app\\Http\\Middleware\\UpgradeLevel.php(28): Illuminate\\Pipeline\\Pipeline->Illuminate\\Pipeline\\{closure}(Object(Illuminate\\Http\\Request))
#23 C:\\xampp\\htdocs\\taquad\\vendor\\laravel\\framework\\src\\Illuminate\\Pipeline\\Pipeline.php(183): App\\Http\\Middleware\\UpgradeLevel->handle(Object(Illuminate\\Http\\Request), Object(Closure))
#24 C:\\xampp\\htdocs\\taquad\\app\\Http\\Middleware\\UserLastActivity.php(25): Illuminate\\Pipeline\\Pipeline->Illuminate\\Pipeline\\{closure}(Object(Illuminate\\Http\\Request))
#25 C:\\xampp\\htdocs\\taquad\\vendor\\laravel\\framework\\src\\Illuminate\\Pipeline\\Pipeline.php(183): App\\Http\\Middleware\\UserLastActivity->handle(Object(Illuminate\\Http\\Request), Object(Closure))
#26 C:\\xampp\\htdocs\\taquad\\app\\Http\\Middleware\\SetLocale.php(97): Illuminate\\Pipeline\\Pipeline->Illuminate\\Pipeline\\{closure}(Object(Illuminate\\Http\\Request))
#27 C:\\xampp\\htdocs\\taquad\\vendor\\laravel\\framework\\src\\Illuminate\\Pipeline\\Pipeline.php(183): App\\Http\\Middleware\\SetLocale->handle(Object(Illuminate\\Http\\Request), Object(Closure))
#28 C:\\xampp\\htdocs\\taquad\\vendor\\laravel\\framework\\src\\Illuminate\\Routing\\Middleware\\SubstituteBindings.php(50): Illuminate\\Pipeline\\Pipeline->Illuminate\\Pipeline\\{closure}(Object(Illuminate\\Http\\Request))
#29 C:\\xampp\\htdocs\\taquad\\vendor\\laravel\\framework\\src\\Illuminate\\Pipeline\\Pipeline.php(183): Illuminate\\Routing\\Middleware\\SubstituteBindings->handle(Object(Illuminate\\Http\\Request), Object(Closure))
#30 C:\\xampp\\htdocs\\taquad\\vendor\\laravel\\framework\\src\\Illuminate\\Session\\Middleware\\AuthenticateSession.php(60): Illuminate\\Pipeline\\Pipeline->Illuminate\\Pipeline\\{closure}(Object(Illuminate\\Http\\Request))
#31 C:\\xampp\\htdocs\\taquad\\vendor\\laravel\\framework\\src\\Illuminate\\Pipeline\\Pipeline.php(183): Illuminate\\Session\\Middleware\\AuthenticateSession->handle(Object(Illuminate\\Http\\Request), Object(Closure))
#32 C:\\xampp\\htdocs\\taquad\\app\\Http\\Middleware\\LogLivewire.php(12): Illuminate\\Pipeline\\Pipeline->Illuminate\\Pipeline\\{closure}(Object(Illuminate\\Http\\Request))
#33 C:\\xampp\\htdocs\\taquad\\vendor\\laravel\\framework\\src\\Illuminate\\Pipeline\\Pipeline.php(183): App\\Http\\Middleware\\LogLivewire->handle(Object(Illuminate\\Http\\Request), Object(Closure))
#34 C:\\xampp\\htdocs\\taquad\\vendor\\laravel\\framework\\src\\Illuminate\\Foundation\\Http\\Middleware\\VerifyCsrfToken.php(78): Illuminate\\Pipeline\\Pipeline->Illuminate\\Pipeline\\{closure}(Object(Illuminate\\Http\\Request))
#35 C:\\xampp\\htdocs\\taquad\\vendor\\laravel\\framework\\src\\Illuminate\\Pipeline\\Pipeline.php(183): Illuminate\\Foundation\\Http\\Middleware\\VerifyCsrfToken->handle(Object(Illuminate\\Http\\Request), Object(Closure))
#36 C:\\xampp\\htdocs\\taquad\\vendor\\laravel\\framework\\src\\Illuminate\\View\\Middleware\\ShareErrorsFromSession.php(49): Illuminate\\Pipeline\\Pipeline->Illuminate\\Pipeline\\{closure}(Object(Illuminate\\Http\\Request))
#37 C:\\xampp\\htdocs\\taquad\\vendor\\laravel\\framework\\src\\Illuminate\\Pipeline\\Pipeline.php(183): Illuminate\\View\\Middleware\\ShareErrorsFromSession->handle(Object(Illuminate\\Http\\Request), Object(Closure))
#38 C:\\xampp\\htdocs\\taquad\\vendor\\laravel\\framework\\src\\Illuminate\\Session\\Middleware\\StartSession.php(121): Illuminate\\Pipeline\\Pipeline->Illuminate\\Pipeline\\{closure}(Object(Illuminate\\Http\\Request))
#39 C:\\xampp\\htdocs\\taquad\\vendor\\laravel\\framework\\src\\Illuminate\\Session\\Middleware\\StartSession.php(64): Illuminate\\Session\\Middleware\\StartSession->handleStatefulRequest(Object(Illuminate\\Http\\Request), Object(Illuminate\\Session\\EncryptedStore), Object(Closure))
#40 C:\\xampp\\htdocs\\taquad\\vendor\\laravel\\framework\\src\\Illuminate\\Pipeline\\Pipeline.php(183): Illuminate\\Session\\Middleware\\StartSession->handle(Object(Illuminate\\Http\\Request), Object(Closure))
#41 C:\\xampp\\htdocs\\taquad\\vendor\\laravel\\framework\\src\\Illuminate\\Cookie\\Middleware\\AddQueuedCookiesToResponse.php(37): Illuminate\\Pipeline\\Pipeline->Illuminate\\Pipeline\\{closure}(Object(Illuminate\\Http\\Request))
#42 C:\\xampp\\htdocs\\taquad\\vendor\\laravel\\framework\\src\\Illuminate\\Pipeline\\Pipeline.php(183): Illuminate\\Cookie\\Middleware\\AddQueuedCookiesToResponse->handle(Object(Illuminate\\Http\\Request), Object(Closure))
#43 C:\\xampp\\htdocs\\taquad\\vendor\\laravel\\framework\\src\\Illuminate\\Cookie\\Middleware\\EncryptCookies.php(67): Illuminate\\Pipeline\\Pipeline->Illuminate\\Pipeline\\{closure}(Object(Illuminate\\Http\\Request))
#44 C:\\xampp\\htdocs\\taquad\\vendor\\laravel\\framework\\src\\Illuminate\\Pipeline\\Pipeline.php(183): Illuminate\\Cookie\\Middleware\\EncryptCookies->handle(Object(Illuminate\\Http\\Request), Object(Closure))
#45 C:\\xampp\\htdocs\\taquad\\vendor\\laravel\\framework\\src\\Illuminate\\Pipeline\\Pipeline.php(119): Illuminate\\Pipeline\\Pipeline->Illuminate\\Pipeline\\{closure}(Object(Illuminate\\Http\\Request))
#46 C:\\xampp\\htdocs\\taquad\\vendor\\laravel\\framework\\src\\Illuminate\\Routing\\Router.php(805): Illuminate\\Pipeline\\Pipeline->then(Object(Closure))
#47 C:\\xampp\\htdocs\\taquad\\vendor\\laravel\\framework\\src\\Illuminate\\Routing\\Router.php(784): Illuminate\\Routing\\Router->runRouteWithinStack(Object(Illuminate\\Routing\\Route), Object(Illuminate\\Http\\Request))
#48 C:\\xampp\\htdocs\\taquad\\vendor\\laravel\\framework\\src\\Illuminate\\Routing\\Router.php(748): Illuminate\\Routing\\Router->runRoute(Object(Illuminate\\Http\\Request), Object(Illuminate\\Routing\\Route))
#49 C:\\xampp\\htdocs\\taquad\\vendor\\laravel\\framework\\src\\Illuminate\\Routing\\Router.php(737): Illuminate\\Routing\\Router->dispatchToRoute(Object(Illuminate\\Http\\Request))
#50 C:\\xampp\\htdocs\\taquad\\vendor\\laravel\\framework\\src\\Illuminate\\Foundation\\Http\\Kernel.php(200): Illuminate\\Routing\\Router->dispatch(Object(Illuminate\\Http\\Request))
#51 C:\\xampp\\htdocs\\taquad\\vendor\\laravel\\framework\\src\\Illuminate\\Pipeline\\Pipeline.php(144): Illuminate\\Foundation\\Http\\Kernel->Illuminate\\Foundation\\Http\\{closure}(Object(Illuminate\\Http\\Request))
#52 C:\\xampp\\htdocs\\taquad\\vendor\\livewire\\livewire\\src\\Features\\SupportDisablingBackButtonCache\\DisableBackButtonCacheMiddleware.php(19): Illuminate\\Pipeline\\Pipeline->Illuminate\\Pipeline\\{closure}(Object(Illuminate\\Http\\Request))
#53 C:\\xampp\\htdocs\\taquad\\vendor\\laravel\\framework\\src\\Illuminate\\Pipeline\\Pipeline.php(183): Livewire\\Features\\SupportDisablingBackButtonCache\\DisableBackButtonCacheMiddleware->handle(Object(Illuminate\\Http\\Request), Object(Closure))
#54 C:\\xampp\\htdocs\\taquad\\vendor\\barryvdh\\laravel-debugbar\\src\\Middleware\\InjectDebugbar.php(66): Illuminate\\Pipeline\\Pipeline->Illuminate\\Pipeline\\{closure}(Object(Illuminate\\Http\\Request))
#55 C:\\xampp\\htdocs\\taquad\\vendor\\laravel\\framework\\src\\Illuminate\\Pipeline\\Pipeline.php(183): Barryvdh\\Debugbar\\Middleware\\InjectDebugbar->handle(Object(Illuminate\\Http\\Request), Object(Closure))
#56 C:\\xampp\\htdocs\\taquad\\vendor\\laravel\\framework\\src\\Illuminate\\Foundation\\Http\\Middleware\\ConvertEmptyStringsToNull.php(27): Illuminate\\Pipeline\\Pipeline->Illuminate\\Pipeline\\{closure}(Object(Illuminate\\Http\\Request))
#57 C:\\xampp\\htdocs\\taquad\\vendor\\laravel\\framework\\src\\Illuminate\\Pipeline\\Pipeline.php(183): Illuminate\\Foundation\\Http\\Middleware\\ConvertEmptyStringsToNull->handle(Object(Illuminate\\Http\\Request), Object(Closure))
#58 C:\\xampp\\htdocs\\taquad\\vendor\\laravel\\framework\\src\\Illuminate\\Foundation\\Http\\Middleware\\TrimStrings.php(36): Illuminate\\Pipeline\\Pipeline->Illuminate\\Pipeline\\{closure}(Object(Illuminate\\Http\\Request))
#59 C:\\xampp\\htdocs\\taquad\\vendor\\laravel\\framework\\src\\Illuminate\\Pipeline\\Pipeline.php(183): Illuminate\\Foundation\\Http\\Middleware\\TrimStrings->handle(Object(Illuminate\\Http\\Request), Object(Closure))
#60 C:\\xampp\\htdocs\\taquad\\vendor\\laravel\\framework\\src\\Illuminate\\Foundation\\Http\\Middleware\\ValidatePostSize.php(27): Illuminate\\Pipeline\\Pipeline->Illuminate\\Pipeline\\{closure}(Object(Illuminate\\Http\\Request))
#61 C:\\xampp\\htdocs\\taquad\\vendor\\laravel\\framework\\src\\Illuminate\\Pipeline\\Pipeline.php(183): Illuminate\\Foundation\\Http\\Middleware\\ValidatePostSize->handle(Object(Illuminate\\Http\\Request), Object(Closure))
#62 C:\\xampp\\htdocs\\taquad\\vendor\\laravel\\framework\\src\\Illuminate\\Foundation\\Http\\Middleware\\PreventRequestsDuringMaintenance.php(51): Illuminate\\Pipeline\\Pipeline->Illuminate\\Pipeline\\{closure}(Object(Illuminate\\Http\\Request))
#63 C:\\xampp\\htdocs\\taquad\\vendor\\laravel\\framework\\src\\Illuminate\\Pipeline\\Pipeline.php(183): Illuminate\\Foundation\\Http\\Middleware\\PreventRequestsDuringMaintenance->handle(Object(Illuminate\\Http\\Request), Object(Closure))
#64 C:\\xampp\\htdocs\\taquad\\vendor\\laravel\\framework\\src\\Illuminate\\Http\\Middleware\\HandleCors.php(49): Illuminate\\Pipeline\\Pipeline->Illuminate\\Pipeline\\{closure}(Object(Illuminate\\Http\\Request))
#65 C:\\xampp\\htdocs\\taquad\\vendor\\laravel\\framework\\src\\Illuminate\\Pipeline\\Pipeline.php(183): Illuminate\\Http\\Middleware\\HandleCors->handle(Object(Illuminate\\Http\\Request), Object(Closure))
#66 C:\\xampp\\htdocs\\taquad\\vendor\\laravel\\framework\\src\\Illuminate\\Http\\Middleware\\TrustProxies.php(39): Illuminate\\Pipeline\\Pipeline->Illuminate\\Pipeline\\{closure}(Object(Illuminate\\Http\\Request))
#67 C:\\xampp\\htdocs\\taquad\\vendor\\laravel\\framework\\src\\Illuminate\\Pipeline\\Pipeline.php(183): Illuminate\\Http\\Middleware\\TrustProxies->handle(Object(Illuminate\\Http\\Request), Object(Closure))
#68 C:\\xampp\\htdocs\\taquad\\vendor\\laravel\\framework\\src\\Illuminate\\Pipeline\\Pipeline.php(119): Illuminate\\Pipeline\\Pipeline->Illuminate\\Pipeline\\{closure}(Object(Illuminate\\Http\\Request))
#69 C:\\xampp\\htdocs\\taquad\\vendor\\laravel\\framework\\src\\Illuminate\\Foundation\\Http\\Kernel.php(175): Illuminate\\Pipeline\\Pipeline->then(Object(Closure))
#70 C:\\xampp\\htdocs\\taquad\\vendor\\laravel\\framework\\src\\Illuminate\\Foundation\\Http\\Kernel.php(144): Illuminate\\Foundation\\Http\\Kernel->sendRequestThroughRouter(Object(Illuminate\\Http\\Request))
#71 C:\\xampp\\htdocs\\taquad\\index.php(52): Illuminate\\Foundation\\Http\\Kernel->handle(Object(Illuminate\\Http\\Request))
#72 {main}
"} 
[2025-11-11 11:28:24] local.INFO: livewire.middleware {"uri":"/taquad/livewire/update","status":500} 
[2025-11-11 11:28:26] local.INFO: livewire.middleware {"uri":"/taquad/livewire/update","status":200} 
[2025-11-11 11:28:33] local.INFO: livewire.middleware {"uri":"/taquad/livewire/update","status":200} 
[2025-11-11 11:28:39] local.INFO: livewire.middleware {"uri":"/taquad/livewire/update","status":200} 
[2025-11-11 11:28:45] local.INFO: livewire.middleware {"uri":"/taquad/livewire/update","status":200} 
[2025-11-11 11:28:54] local.INFO: livewire.middleware {"uri":"/taquad/livewire/update","status":200} 
[2025-11-11 11:28:58] local.INFO: livewire.middleware {"uri":"/taquad/livewire/update","status":200} 
[2025-11-11 11:29:06] local.INFO: livewire.middleware {"uri":"/taquad/livewire/update","status":200} 
[2025-11-11 11:29:14] local.INFO: livewire.middleware {"uri":"/taquad/livewire/update","status":200} 
[2025-11-11 11:29:20] local.INFO: livewire.middleware {"uri":"/taquad/livewire/update","status":200} 
[2025-11-11 11:29:27] local.INFO: livewire.middleware {"uri":"/taquad/livewire/update","status":200} 
[2025-11-11 11:29:35] local.INFO: livewire.middleware {"uri":"/taquad/livewire/update","status":200} 
[2025-11-11 11:29:42] local.INFO: livewire.middleware {"uri":"/taquad/livewire/update","status":200} 
[2025-11-11 11:29:50] local.INFO: livewire.middleware {"uri":"/taquad/livewire/update","status":200} 
[2025-11-11 11:29:56] local.INFO: livewire.middleware {"uri":"/taquad/livewire/update","status":200} 
[2025-11-11 11:31:07] local.INFO: livewire.middleware {"uri":"/taquad/livewire/update","status":200} 
[2025-11-11 11:31:12] local.INFO: livewire.middleware {"uri":"/taquad/livewire/update","status":200} 
[2025-11-11 11:31:15] local.INFO: livewire.middleware {"uri":"/taquad/livewire/update","status":200} 
[2025-11-11 11:31:21] local.INFO: livewire.middleware {"uri":"/taquad/livewire/update","status":200} 
[2025-11-11 11:31:27] local.INFO: livewire.middleware {"uri":"/taquad/livewire/update","status":200} 
[2025-11-11 11:31:34] local.INFO: livewire.middleware {"uri":"/taquad/livewire/update","status":200} 
[2025-11-11 11:31:42] local.INFO: livewire.middleware {"uri":"/taquad/livewire/update","status":200} 
[2025-11-11 11:31:48] local.INFO: livewire.middleware {"uri":"/taquad/livewire/update","status":200} 
[2025-11-11 11:31:56] local.INFO: livewire.middleware {"uri":"/taquad/livewire/update","status":200} 
[2025-11-11 11:32:04] local.INFO: livewire.middleware {"uri":"/taquad/livewire/update","status":200} 
[2025-11-11 11:32:09] local.INFO: livewire.middleware {"uri":"/taquad/livewire/update","status":200} 
[2025-11-11 11:32:16] local.INFO: livewire.middleware {"uri":"/taquad/livewire/update","status":200} 
[2025-11-11 11:32:23] local.INFO: livewire.middleware {"uri":"/taquad/livewire/update","status":200} 
[2025-11-11 11:32:31] local.INFO: livewire.middleware {"uri":"/taquad/livewire/update","status":200} 
[2025-11-11 11:32:39] local.INFO: livewire.middleware {"uri":"/taquad/livewire/update","status":200} 
[2025-11-11 11:32:45] local.INFO: livewire.middleware {"uri":"/taquad/livewire/update","status":200} 
[2025-11-11 11:32:52] local.INFO: livewire.middleware {"uri":"/taquad/livewire/update","status":200} 
[2025-11-11 11:32:59] local.INFO: livewire.middleware {"uri":"/taquad/livewire/update","status":200} 
[2025-11-11 11:33:07] local.INFO: livewire.middleware {"uri":"/taquad/livewire/update","status":200} 
[2025-11-11 11:33:13] local.INFO: livewire.middleware {"uri":"/taquad/livewire/update","status":200} 
[2025-11-11 11:33:20] local.INFO: livewire.middleware {"uri":"/taquad/livewire/update","status":200} 
[2025-11-11 11:33:40] local.INFO: livewire.middleware {"uri":"/taquad/livewire/update","status":200} 
[2025-11-11 11:33:42] local.INFO: livewire.middleware {"uri":"/taquad/livewire/update","status":200} 
[2025-11-11 11:33:56] local.INFO: livewire.middleware {"uri":"/taquad/livewire/update","status":200} 
[2025-11-11 11:34:01] local.INFO: livewire.middleware {"uri":"/taquad/livewire/update","status":200} 
[2025-11-11 11:34:08] local.INFO: livewire.middleware {"uri":"/taquad/livewire/update","status":200} 
[2025-11-11 11:34:15] local.INFO: livewire.middleware {"uri":"/taquad/livewire/update","status":200} 
[2025-11-11 11:34:22] local.INFO: livewire.middleware {"uri":"/taquad/livewire/update","status":200} 
[2025-11-11 11:34:29] local.INFO: livewire.middleware {"uri":"/taquad/livewire/update","status":200} 
[2025-11-11 11:34:31] local.INFO: livewire.middleware {"uri":"/taquad/livewire/update","status":200} 
[2025-11-11 11:34:33] local.INFO: livewire.middleware {"uri":"/taquad/livewire/update","status":200} 
[2025-11-11 11:34:35] local.INFO: livewire.middleware {"uri":"/taquad/livewire/update","status":200} 
[2025-11-11 11:34:48] local.INFO: livewire.middleware {"uri":"/taquad/livewire/update","status":200} 
[2025-11-11 11:34:56] local.INFO: livewire.middleware {"uri":"/taquad/livewire/update","status":200} 
[2025-11-11 11:34:59] local.INFO: livewire.middleware {"uri":"/taquad/livewire/update","status":200} 
[2025-11-11 11:35:06] local.INFO: livewire.middleware {"uri":"/taquad/livewire/update","status":200} 
[2025-11-11 11:35:14] local.INFO: livewire.middleware {"uri":"/taquad/livewire/update","status":200} 
[2025-11-11 11:35:30] local.INFO: livewire.middleware {"uri":"/taquad/livewire/update","status":200} 
[2025-11-11 11:35:34] local.ERROR: SQLSTATE[3D000]: Invalid catalog name: 1046 No database selected (Connection: mysql, SQL: select * from `sessions` where `id` = qIGH4aScm2KaktpQRJEEoVQW2qt81ZJLcymhKEmK limit 1) {"exception":"[object] (Illuminate\\Database\\QueryException(code: 3D000): SQLSTATE[3D000]: Invalid catalog name: 1046 No database selected (Connection: mysql, SQL: select * from `sessions` where `id` = qIGH4aScm2KaktpQRJEEoVQW2qt81ZJLcymhKEmK limit 1) at C:\\xampp\\htdocs\\taquad\\vendor\\laravel\\framework\\src\\Illuminate\\Database\\Connection.php:829)
[stacktrace]
#0 C:\\xampp\\htdocs\\taquad\\vendor\\laravel\\framework\\src\\Illuminate\\Database\\Connection.php(783): Illuminate\\Database\\Connection->runQueryCallback('select * from `...', Array, Object(Closure))
#1 C:\\xampp\\htdocs\\taquad\\vendor\\laravel\\framework\\src\\Illuminate\\Database\\Connection.php(414): Illuminate\\Database\\Connection->run('select * from `...', Array, Object(Closure))
#2 C:\\xampp\\htdocs\\taquad\\vendor\\laravel\\framework\\src\\Illuminate\\Database\\Query\\Builder.php(2913): Illuminate\\Database\\Connection->select('select * from `...', Array, true)
#3 C:\\xampp\\htdocs\\taquad\\vendor\\laravel\\framework\\src\\Illuminate\\Database\\Query\\Builder.php(2902): Illuminate\\Database\\Query\\Builder->runSelect()
#4 C:\\xampp\\htdocs\\taquad\\vendor\\laravel\\framework\\src\\Illuminate\\Database\\Query\\Builder.php(3456): Illuminate\\Database\\Query\\Builder->Illuminate\\Database\\Query\\{closure}()
#5 C:\\xampp\\htdocs\\taquad\\vendor\\laravel\\framework\\src\\Illuminate\\Database\\Query\\Builder.php(2901): Illuminate\\Database\\Query\\Builder->onceWithColumns(Array, Object(Closure))
#6 C:\\xampp\\htdocs\\taquad\\vendor\\laravel\\framework\\src\\Illuminate\\Database\\Concerns\\BuildsQueries.php(333): Illuminate\\Database\\Query\\Builder->get(Array)
#7 C:\\xampp\\htdocs\\taquad\\vendor\\laravel\\framework\\src\\Illuminate\\Database\\Query\\Builder.php(2824): Illuminate\\Database\\Query\\Builder->first(Array)
#8 C:\\xampp\\htdocs\\taquad\\vendor\\laravel\\framework\\src\\Illuminate\\Session\\DatabaseSessionHandler.php(97): Illuminate\\Database\\Query\\Builder->find('qIGH4aScm2Kaktp...')
#9 C:\\xampp\\htdocs\\taquad\\vendor\\laravel\\framework\\src\\Illuminate\\Session\\Store.php(113): Illuminate\\Session\\DatabaseSessionHandler->read('qIGH4aScm2Kaktp...')
#10 C:\\xampp\\htdocs\\taquad\\vendor\\laravel\\framework\\src\\Illuminate\\Session\\Store.php(101): Illuminate\\Session\\Store->readFromHandler()
#11 C:\\xampp\\htdocs\\taquad\\vendor\\laravel\\framework\\src\\Illuminate\\Session\\Store.php(85): Illuminate\\Session\\Store->loadSession()
#12 C:\\xampp\\htdocs\\taquad\\vendor\\laravel\\framework\\src\\Illuminate\\Session\\Middleware\\StartSession.php(147): Illuminate\\Session\\Store->start()
#13 C:\\xampp\\htdocs\\taquad\\vendor\\laravel\\framework\\src\\Illuminate\\Support\\helpers.php(320): Illuminate\\Session\\Middleware\\StartSession->Illuminate\\Session\\Middleware\\{closure}(Object(Illuminate\\Session\\EncryptedStore))
#14 C:\\xampp\\htdocs\\taquad\\vendor\\laravel\\framework\\src\\Illuminate\\Session\\Middleware\\StartSession.php(144): tap(Object(Illuminate\\Session\\EncryptedStore), Object(Closure))
#15 C:\\xampp\\htdocs\\taquad\\vendor\\laravel\\framework\\src\\Illuminate\\Session\\Middleware\\StartSession.php(116): Illuminate\\Session\\Middleware\\StartSession->startSession(Object(Illuminate\\Http\\Request), Object(Illuminate\\Session\\EncryptedStore))
#16 C:\\xampp\\htdocs\\taquad\\vendor\\laravel\\framework\\src\\Illuminate\\Session\\Middleware\\StartSession.php(64): Illuminate\\Session\\Middleware\\StartSession->handleStatefulRequest(Object(Illuminate\\Http\\Request), Object(Illuminate\\Session\\EncryptedStore), Object(Closure))
#17 C:\\xampp\\htdocs\\taquad\\vendor\\laravel\\framework\\src\\Illuminate\\Pipeline\\Pipeline.php(183): Illuminate\\Session\\Middleware\\StartSession->handle(Object(Illuminate\\Http\\Request), Object(Closure))
#18 C:\\xampp\\htdocs\\taquad\\vendor\\laravel\\framework\\src\\Illuminate\\Cookie\\Middleware\\AddQueuedCookiesToResponse.php(37): Illuminate\\Pipeline\\Pipeline->Illuminate\\Pipeline\\{closure}(Object(Illuminate\\Http\\Request))
#19 C:\\xampp\\htdocs\\taquad\\vendor\\laravel\\framework\\src\\Illuminate\\Pipeline\\Pipeline.php(183): Illuminate\\Cookie\\Middleware\\AddQueuedCookiesToResponse->handle(Object(Illuminate\\Http\\Request), Object(Closure))
#20 C:\\xampp\\htdocs\\taquad\\vendor\\laravel\\framework\\src\\Illuminate\\Cookie\\Middleware\\EncryptCookies.php(67): Illuminate\\Pipeline\\Pipeline->Illuminate\\Pipeline\\{closure}(Object(Illuminate\\Http\\Request))
#21 C:\\xampp\\htdocs\\taquad\\vendor\\laravel\\framework\\src\\Illuminate\\Pipeline\\Pipeline.php(183): Illuminate\\Cookie\\Middleware\\EncryptCookies->handle(Object(Illuminate\\Http\\Request), Object(Closure))
#22 C:\\xampp\\htdocs\\taquad\\vendor\\laravel\\framework\\src\\Illuminate\\Pipeline\\Pipeline.php(119): Illuminate\\Pipeline\\Pipeline->Illuminate\\Pipeline\\{closure}(Object(Illuminate\\Http\\Request))
#23 C:\\xampp\\htdocs\\taquad\\vendor\\laravel\\framework\\src\\Illuminate\\Routing\\Router.php(805): Illuminate\\Pipeline\\Pipeline->then(Object(Closure))
#24 C:\\xampp\\htdocs\\taquad\\vendor\\laravel\\framework\\src\\Illuminate\\Routing\\Router.php(784): Illuminate\\Routing\\Router->runRouteWithinStack(Object(Illuminate\\Routing\\Route), Object(Illuminate\\Http\\Request))
#25 C:\\xampp\\htdocs\\taquad\\vendor\\laravel\\framework\\src\\Illuminate\\Routing\\Router.php(748): Illuminate\\Routing\\Router->runRoute(Object(Illuminate\\Http\\Request), Object(Illuminate\\Routing\\Route))
#26 C:\\xampp\\htdocs\\taquad\\vendor\\laravel\\framework\\src\\Illuminate\\Routing\\Router.php(737): Illuminate\\Routing\\Router->dispatchToRoute(Object(Illuminate\\Http\\Request))
#27 C:\\xampp\\htdocs\\taquad\\vendor\\laravel\\framework\\src\\Illuminate\\Foundation\\Http\\Kernel.php(200): Illuminate\\Routing\\Router->dispatch(Object(Illuminate\\Http\\Request))
#28 C:\\xampp\\htdocs\\taquad\\vendor\\laravel\\framework\\src\\Illuminate\\Pipeline\\Pipeline.php(144): Illuminate\\Foundation\\Http\\Kernel->Illuminate\\Foundation\\Http\\{closure}(Object(Illuminate\\Http\\Request))
#29 C:\\xampp\\htdocs\\taquad\\vendor\\livewire\\livewire\\src\\Features\\SupportDisablingBackButtonCache\\DisableBackButtonCacheMiddleware.php(19): Illuminate\\Pipeline\\Pipeline->Illuminate\\Pipeline\\{closure}(Object(Illuminate\\Http\\Request))
#30 C:\\xampp\\htdocs\\taquad\\vendor\\laravel\\framework\\src\\Illuminate\\Pipeline\\Pipeline.php(183): Livewire\\Features\\SupportDisablingBackButtonCache\\DisableBackButtonCacheMiddleware->handle(Object(Illuminate\\Http\\Request), Object(Closure))
#31 C:\\xampp\\htdocs\\taquad\\vendor\\barryvdh\\laravel-debugbar\\src\\Middleware\\InjectDebugbar.php(66): Illuminate\\Pipeline\\Pipeline->Illuminate\\Pipeline\\{closure}(Object(Illuminate\\Http\\Request))
#32 C:\\xampp\\htdocs\\taquad\\vendor\\laravel\\framework\\src\\Illuminate\\Pipeline\\Pipeline.php(183): Barryvdh\\Debugbar\\Middleware\\InjectDebugbar->handle(Object(Illuminate\\Http\\Request), Object(Closure))
#33 C:\\xampp\\htdocs\\taquad\\vendor\\laravel\\framework\\src\\Illuminate\\Foundation\\Http\\Middleware\\ConvertEmptyStringsToNull.php(27): Illuminate\\Pipeline\\Pipeline->Illuminate\\Pipeline\\{closure}(Object(Illuminate\\Http\\Request))
#34 C:\\xampp\\htdocs\\taquad\\vendor\\laravel\\framework\\src\\Illuminate\\Pipeline\\Pipeline.php(183): Illuminate\\Foundation\\Http\\Middleware\\ConvertEmptyStringsToNull->handle(Object(Illuminate\\Http\\Request), Object(Closure))
#35 C:\\xampp\\htdocs\\taquad\\vendor\\laravel\\framework\\src\\Illuminate\\Foundation\\Http\\Middleware\\TrimStrings.php(36): Illuminate\\Pipeline\\Pipeline->Illuminate\\Pipeline\\{closure}(Object(Illuminate\\Http\\Request))
#36 C:\\xampp\\htdocs\\taquad\\vendor\\laravel\\framework\\src\\Illuminate\\Pipeline\\Pipeline.php(183): Illuminate\\Foundation\\Http\\Middleware\\TrimStrings->handle(Object(Illuminate\\Http\\Request), Object(Closure))
#37 C:\\xampp\\htdocs\\taquad\\vendor\\laravel\\framework\\src\\Illuminate\\Foundation\\Http\\Middleware\\ValidatePostSize.php(27): Illuminate\\Pipeline\\Pipeline->Illuminate\\Pipeline\\{closure}(Object(Illuminate\\Http\\Request))
#38 C:\\xampp\\htdocs\\taquad\\vendor\\laravel\\framework\\src\\Illuminate\\Pipeline\\Pipeline.php(183): Illuminate\\Foundation\\Http\\Middleware\\ValidatePostSize->handle(Object(Illuminate\\Http\\Request), Object(Closure))
#39 C:\\xampp\\htdocs\\taquad\\vendor\\laravel\\framework\\src\\Illuminate\\Foundation\\Http\\Middleware\\PreventRequestsDuringMaintenance.php(51): Illuminate\\Pipeline\\Pipeline->Illuminate\\Pipeline\\{closure}(Object(Illuminate\\Http\\Request))
#40 C:\\xampp\\htdocs\\taquad\\vendor\\laravel\\framework\\src\\Illuminate\\Pipeline\\Pipeline.php(183): Illuminate\\Foundation\\Http\\Middleware\\PreventRequestsDuringMaintenance->handle(Object(Illuminate\\Http\\Request), Object(Closure))
#41 C:\\xampp\\htdocs\\taquad\\vendor\\laravel\\framework\\src\\Illuminate\\Http\\Middleware\\HandleCors.php(49): Illuminate\\Pipeline\\Pipeline->Illuminate\\Pipeline\\{closure}(Object(Illuminate\\Http\\Request))
#42 C:\\xampp\\htdocs\\taquad\\vendor\\laravel\\framework\\src\\Illuminate\\Pipeline\\Pipeline.php(183): Illuminate\\Http\\Middleware\\HandleCors->handle(Object(Illuminate\\Http\\Request), Object(Closure))
#43 C:\\xampp\\htdocs\\taquad\\vendor\\laravel\\framework\\src\\Illuminate\\Http\\Middleware\\TrustProxies.php(39): Illuminate\\Pipeline\\Pipeline->Illuminate\\Pipeline\\{closure}(Object(Illuminate\\Http\\Request))
#44 C:\\xampp\\htdocs\\taquad\\vendor\\laravel\\framework\\src\\Illuminate\\Pipeline\\Pipeline.php(183): Illuminate\\Http\\Middleware\\TrustProxies->handle(Object(Illuminate\\Http\\Request), Object(Closure))
#45 C:\\xampp\\htdocs\\taquad\\vendor\\laravel\\framework\\src\\Illuminate\\Pipeline\\Pipeline.php(119): Illuminate\\Pipeline\\Pipeline->Illuminate\\Pipeline\\{closure}(Object(Illuminate\\Http\\Request))
#46 C:\\xampp\\htdocs\\taquad\\vendor\\laravel\\framework\\src\\Illuminate\\Foundation\\Http\\Kernel.php(175): Illuminate\\Pipeline\\Pipeline->then(Object(Closure))
#47 C:\\xampp\\htdocs\\taquad\\vendor\\laravel\\framework\\src\\Illuminate\\Foundation\\Http\\Kernel.php(144): Illuminate\\Foundation\\Http\\Kernel->sendRequestThroughRouter(Object(Illuminate\\Http\\Request))
#48 C:\\xampp\\htdocs\\taquad\\index.php(52): Illuminate\\Foundation\\Http\\Kernel->handle(Object(Illuminate\\Http\\Request))
#49 {main}

[previous exception] [object] (PDOException(code: 3D000): SQLSTATE[3D000]: Invalid catalog name: 1046 No database selected at C:\\xampp\\htdocs\\taquad\\vendor\\laravel\\framework\\src\\Illuminate\\Database\\Connection.php:423)
[stacktrace]
#0 C:\\xampp\\htdocs\\taquad\\vendor\\laravel\\framework\\src\\Illuminate\\Database\\Connection.php(423): PDO->prepare('select * from `...')
#1 C:\\xampp\\htdocs\\taquad\\vendor\\laravel\\framework\\src\\Illuminate\\Database\\Connection.php(816): Illuminate\\Database\\Connection->Illuminate\\Database\\{closure}('select * from `...', Array)
#2 C:\\xampp\\htdocs\\taquad\\vendor\\laravel\\framework\\src\\Illuminate\\Database\\Connection.php(783): Illuminate\\Database\\Connection->runQueryCallback('select * from `...', Array, Object(Closure))
#3 C:\\xampp\\htdocs\\taquad\\vendor\\laravel\\framework\\src\\Illuminate\\Database\\Connection.php(414): Illuminate\\Database\\Connection->run('select * from `...', Array, Object(Closure))
#4 C:\\xampp\\htdocs\\taquad\\vendor\\laravel\\framework\\src\\Illuminate\\Database\\Query\\Builder.php(2913): Illuminate\\Database\\Connection->select('select * from `...', Array, true)
#5 C:\\xampp\\htdocs\\taquad\\vendor\\laravel\\framework\\src\\Illuminate\\Database\\Query\\Builder.php(2902): Illuminate\\Database\\Query\\Builder->runSelect()
#6 C:\\xampp\\htdocs\\taquad\\vendor\\laravel\\framework\\src\\Illuminate\\Database\\Query\\Builder.php(3456): Illuminate\\Database\\Query\\Builder->Illuminate\\Database\\Query\\{closure}()
#7 C:\\xampp\\htdocs\\taquad\\vendor\\laravel\\framework\\src\\Illuminate\\Database\\Query\\Builder.php(2901): Illuminate\\Database\\Query\\Builder->onceWithColumns(Array, Object(Closure))
#8 C:\\xampp\\htdocs\\taquad\\vendor\\laravel\\framework\\src\\Illuminate\\Database\\Concerns\\BuildsQueries.php(333): Illuminate\\Database\\Query\\Builder->get(Array)
#9 C:\\xampp\\htdocs\\taquad\\vendor\\laravel\\framework\\src\\Illuminate\\Database\\Query\\Builder.php(2824): Illuminate\\Database\\Query\\Builder->first(Array)
#10 C:\\xampp\\htdocs\\taquad\\vendor\\laravel\\framework\\src\\Illuminate\\Session\\DatabaseSessionHandler.php(97): Illuminate\\Database\\Query\\Builder->find('qIGH4aScm2Kaktp...')
#11 C:\\xampp\\htdocs\\taquad\\vendor\\laravel\\framework\\src\\Illuminate\\Session\\Store.php(113): Illuminate\\Session\\DatabaseSessionHandler->read('qIGH4aScm2Kaktp...')
#12 C:\\xampp\\htdocs\\taquad\\vendor\\laravel\\framework\\src\\Illuminate\\Session\\Store.php(101): Illuminate\\Session\\Store->readFromHandler()
#13 C:\\xampp\\htdocs\\taquad\\vendor\\laravel\\framework\\src\\Illuminate\\Session\\Store.php(85): Illuminate\\Session\\Store->loadSession()
#14 C:\\xampp\\htdocs\\taquad\\vendor\\laravel\\framework\\src\\Illuminate\\Session\\Middleware\\StartSession.php(147): Illuminate\\Session\\Store->start()
#15 C:\\xampp\\htdocs\\taquad\\vendor\\laravel\\framework\\src\\Illuminate\\Support\\helpers.php(320): Illuminate\\Session\\Middleware\\StartSession->Illuminate\\Session\\Middleware\\{closure}(Object(Illuminate\\Session\\EncryptedStore))
#16 C:\\xampp\\htdocs\\taquad\\vendor\\laravel\\framework\\src\\Illuminate\\Session\\Middleware\\StartSession.php(144): tap(Object(Illuminate\\Session\\EncryptedStore), Object(Closure))
#17 C:\\xampp\\htdocs\\taquad\\vendor\\laravel\\framework\\src\\Illuminate\\Session\\Middleware\\StartSession.php(116): Illuminate\\Session\\Middleware\\StartSession->startSession(Object(Illuminate\\Http\\Request), Object(Illuminate\\Session\\EncryptedStore))
#18 C:\\xampp\\htdocs\\taquad\\vendor\\laravel\\framework\\src\\Illuminate\\Session\\Middleware\\StartSession.php(64): Illuminate\\Session\\Middleware\\StartSession->handleStatefulRequest(Object(Illuminate\\Http\\Request), Object(Illuminate\\Session\\EncryptedStore), Object(Closure))
#19 C:\\xampp\\htdocs\\taquad\\vendor\\laravel\\framework\\src\\Illuminate\\Pipeline\\Pipeline.php(183): Illuminate\\Session\\Middleware\\StartSession->handle(Object(Illuminate\\Http\\Request), Object(Closure))
#20 C:\\xampp\\htdocs\\taquad\\vendor\\laravel\\framework\\src\\Illuminate\\Cookie\\Middleware\\AddQueuedCookiesToResponse.php(37): Illuminate\\Pipeline\\Pipeline->Illuminate\\Pipeline\\{closure}(Object(Illuminate\\Http\\Request))
#21 C:\\xampp\\htdocs\\taquad\\vendor\\laravel\\framework\\src\\Illuminate\\Pipeline\\Pipeline.php(183): Illuminate\\Cookie\\Middleware\\AddQueuedCookiesToResponse->handle(Object(Illuminate\\Http\\Request), Object(Closure))
#22 C:\\xampp\\htdocs\\taquad\\vendor\\laravel\\framework\\src\\Illuminate\\Cookie\\Middleware\\EncryptCookies.php(67): Illuminate\\Pipeline\\Pipeline->Illuminate\\Pipeline\\{closure}(Object(Illuminate\\Http\\Request))
#23 C:\\xampp\\htdocs\\taquad\\vendor\\laravel\\framework\\src\\Illuminate\\Pipeline\\Pipeline.php(183): Illuminate\\Cookie\\Middleware\\EncryptCookies->handle(Object(Illuminate\\Http\\Request), Object(Closure))
#24 C:\\xampp\\htdocs\\taquad\\vendor\\laravel\\framework\\src\\Illuminate\\Pipeline\\Pipeline.php(119): Illuminate\\Pipeline\\Pipeline->Illuminate\\Pipeline\\{closure}(Object(Illuminate\\Http\\Request))
#25 C:\\xampp\\htdocs\\taquad\\vendor\\laravel\\framework\\src\\Illuminate\\Routing\\Router.php(805): Illuminate\\Pipeline\\Pipeline->then(Object(Closure))
#26 C:\\xampp\\htdocs\\taquad\\vendor\\laravel\\framework\\src\\Illuminate\\Routing\\Router.php(784): Illuminate\\Routing\\Router->runRouteWithinStack(Object(Illuminate\\Routing\\Route), Object(Illuminate\\Http\\Request))
#27 C:\\xampp\\htdocs\\taquad\\vendor\\laravel\\framework\\src\\Illuminate\\Routing\\Router.php(748): Illuminate\\Routing\\Router->runRoute(Object(Illuminate\\Http\\Request), Object(Illuminate\\Routing\\Route))
#28 C:\\xampp\\htdocs\\taquad\\vendor\\laravel\\framework\\src\\Illuminate\\Routing\\Router.php(737): Illuminate\\Routing\\Router->dispatchToRoute(Object(Illuminate\\Http\\Request))
#29 C:\\xampp\\htdocs\\taquad\\vendor\\laravel\\framework\\src\\Illuminate\\Foundation\\Http\\Kernel.php(200): Illuminate\\Routing\\Router->dispatch(Object(Illuminate\\Http\\Request))
#30 C:\\xampp\\htdocs\\taquad\\vendor\\laravel\\framework\\src\\Illuminate\\Pipeline\\Pipeline.php(144): Illuminate\\Foundation\\Http\\Kernel->Illuminate\\Foundation\\Http\\{closure}(Object(Illuminate\\Http\\Request))
#31 C:\\xampp\\htdocs\\taquad\\vendor\\livewire\\livewire\\src\\Features\\SupportDisablingBackButtonCache\\DisableBackButtonCacheMiddleware.php(19): Illuminate\\Pipeline\\Pipeline->Illuminate\\Pipeline\\{closure}(Object(Illuminate\\Http\\Request))
#32 C:\\xampp\\htdocs\\taquad\\vendor\\laravel\\framework\\src\\Illuminate\\Pipeline\\Pipeline.php(183): Livewire\\Features\\SupportDisablingBackButtonCache\\DisableBackButtonCacheMiddleware->handle(Object(Illuminate\\Http\\Request), Object(Closure))
#33 C:\\xampp\\htdocs\\taquad\\vendor\\barryvdh\\laravel-debugbar\\src\\Middleware\\InjectDebugbar.php(66): Illuminate\\Pipeline\\Pipeline->Illuminate\\Pipeline\\{closure}(Object(Illuminate\\Http\\Request))
#34 C:\\xampp\\htdocs\\taquad\\vendor\\laravel\\framework\\src\\Illuminate\\Pipeline\\Pipeline.php(183): Barryvdh\\Debugbar\\Middleware\\InjectDebugbar->handle(Object(Illuminate\\Http\\Request), Object(Closure))
#35 C:\\xampp\\htdocs\\taquad\\vendor\\laravel\\framework\\src\\Illuminate\\Foundation\\Http\\Middleware\\ConvertEmptyStringsToNull.php(27): Illuminate\\Pipeline\\Pipeline->Illuminate\\Pipeline\\{closure}(Object(Illuminate\\Http\\Request))
#36 C:\\xampp\\htdocs\\taquad\\vendor\\laravel\\framework\\src\\Illuminate\\Pipeline\\Pipeline.php(183): Illuminate\\Foundation\\Http\\Middleware\\ConvertEmptyStringsToNull->handle(Object(Illuminate\\Http\\Request), Object(Closure))
#37 C:\\xampp\\htdocs\\taquad\\vendor\\laravel\\framework\\src\\Illuminate\\Foundation\\Http\\Middleware\\TrimStrings.php(36): Illuminate\\Pipeline\\Pipeline->Illuminate\\Pipeline\\{closure}(Object(Illuminate\\Http\\Request))
#38 C:\\xampp\\htdocs\\taquad\\vendor\\laravel\\framework\\src\\Illuminate\\Pipeline\\Pipeline.php(183): Illuminate\\Foundation\\Http\\Middleware\\TrimStrings->handle(Object(Illuminate\\Http\\Request), Object(Closure))
#39 C:\\xampp\\htdocs\\taquad\\vendor\\laravel\\framework\\src\\Illuminate\\Foundation\\Http\\Middleware\\ValidatePostSize.php(27): Illuminate\\Pipeline\\Pipeline->Illuminate\\Pipeline\\{closure}(Object(Illuminate\\Http\\Request))
#40 C:\\xampp\\htdocs\\taquad\\vendor\\laravel\\framework\\src\\Illuminate\\Pipeline\\Pipeline.php(183): Illuminate\\Foundation\\Http\\Middleware\\ValidatePostSize->handle(Object(Illuminate\\Http\\Request), Object(Closure))
#41 C:\\xampp\\htdocs\\taquad\\vendor\\laravel\\framework\\src\\Illuminate\\Foundation\\Http\\Middleware\\PreventRequestsDuringMaintenance.php(51): Illuminate\\Pipeline\\Pipeline->Illuminate\\Pipeline\\{closure}(Object(Illuminate\\Http\\Request))
#42 C:\\xampp\\htdocs\\taquad\\vendor\\laravel\\framework\\src\\Illuminate\\Pipeline\\Pipeline.php(183): Illuminate\\Foundation\\Http\\Middleware\\PreventRequestsDuringMaintenance->handle(Object(Illuminate\\Http\\Request), Object(Closure))
#43 C:\\xampp\\htdocs\\taquad\\vendor\\laravel\\framework\\src\\Illuminate\\Http\\Middleware\\HandleCors.php(49): Illuminate\\Pipeline\\Pipeline->Illuminate\\Pipeline\\{closure}(Object(Illuminate\\Http\\Request))
#44 C:\\xampp\\htdocs\\taquad\\vendor\\laravel\\framework\\src\\Illuminate\\Pipeline\\Pipeline.php(183): Illuminate\\Http\\Middleware\\HandleCors->handle(Object(Illuminate\\Http\\Request), Object(Closure))
#45 C:\\xampp\\htdocs\\taquad\\vendor\\laravel\\framework\\src\\Illuminate\\Http\\Middleware\\TrustProxies.php(39): Illuminate\\Pipeline\\Pipeline->Illuminate\\Pipeline\\{closure}(Object(Illuminate\\Http\\Request))
#46 C:\\xampp\\htdocs\\taquad\\vendor\\laravel\\framework\\src\\Illuminate\\Pipeline\\Pipeline.php(183): Illuminate\\Http\\Middleware\\TrustProxies->handle(Object(Illuminate\\Http\\Request), Object(Closure))
#47 C:\\xampp\\htdocs\\taquad\\vendor\\laravel\\framework\\src\\Illuminate\\Pipeline\\Pipeline.php(119): Illuminate\\Pipeline\\Pipeline->Illuminate\\Pipeline\\{closure}(Object(Illuminate\\Http\\Request))
#48 C:\\xampp\\htdocs\\taquad\\vendor\\laravel\\framework\\src\\Illuminate\\Foundation\\Http\\Kernel.php(175): Illuminate\\Pipeline\\Pipeline->then(Object(Closure))
#49 C:\\xampp\\htdocs\\taquad\\vendor\\laravel\\framework\\src\\Illuminate\\Foundation\\Http\\Kernel.php(144): Illuminate\\Foundation\\Http\\Kernel->sendRequestThroughRouter(Object(Illuminate\\Http\\Request))
#50 C:\\xampp\\htdocs\\taquad\\index.php(52): Illuminate\\Foundation\\Http\\Kernel->handle(Object(Illuminate\\Http\\Request))
#51 {main}
"} 
[2025-11-11 11:35:41] local.INFO: livewire.middleware {"uri":"/taquad/livewire/update","status":200} 
[2025-11-11 11:35:44] local.INFO: livewire.middleware {"uri":"/taquad/livewire/update","status":200} 
[2025-11-11 11:35:55] local.INFO: livewire.middleware {"uri":"/taquad/livewire/update","status":200} 
[2025-11-11 11:35:56] local.INFO: livewire.middleware {"uri":"/taquad/livewire/update","status":200} 
[2025-11-11 11:36:03] local.INFO: livewire.middleware {"uri":"/taquad/livewire/update","status":200} 
[2025-11-11 11:36:10] local.INFO: livewire.middleware {"uri":"/taquad/livewire/update","status":200} 
[2025-11-11 11:36:17] local.INFO: livewire.middleware {"uri":"/taquad/livewire/update","status":200} 
[2025-11-11 11:36:23] local.INFO: livewire.middleware {"uri":"/taquad/livewire/update","status":200} 
[2025-11-11 11:36:31] local.INFO: livewire.middleware {"uri":"/taquad/livewire/update","status":200} 
[2025-11-11 11:36:37] local.INFO: livewire.middleware {"uri":"/taquad/livewire/update","status":200} 
[2025-11-11 11:36:44] local.INFO: livewire.middleware {"uri":"/taquad/livewire/update","status":200} 
[2025-11-11 11:36:52] local.INFO: livewire.middleware {"uri":"/taquad/livewire/update","status":200} 
[2025-11-11 11:36:58] local.INFO: livewire.middleware {"uri":"/taquad/livewire/update","status":200} 
[2025-11-11 11:37:05] local.INFO: livewire.middleware {"uri":"/taquad/livewire/update","status":200} 
[2025-11-11 11:37:13] local.INFO: livewire.middleware {"uri":"/taquad/livewire/update","status":200} 
[2025-11-11 11:37:21] local.INFO: livewire.middleware {"uri":"/taquad/livewire/update","status":200} 
[2025-11-11 11:37:29] local.INFO: livewire.middleware {"uri":"/taquad/livewire/update","status":200} 
[2025-11-11 11:37:34] local.INFO: livewire.middleware {"uri":"/taquad/livewire/update","status":200} 
[2025-11-11 11:37:43] local.INFO: livewire.middleware {"uri":"/taquad/livewire/update","status":200} 
[2025-11-11 11:37:49] local.INFO: livewire.middleware {"uri":"/taquad/livewire/update","status":200} 
[2025-11-11 11:37:56] local.ERROR: Command "optimize:clerar" is not defined.

Did you mean one of these?
    cache:clear
    config:clear
    debugbar:clear
    event:clear
    icons:clear
    media-library:clean
    media-library:clear
    optimize
    optimize:clear
    purify:clear
    queue:clear
    route:clear
    view:clear {"exception":"[object] (Symfony\\Component\\Console\\Exception\\CommandNotFoundException(code: 0): Command \"optimize:clerar\" is not defined.

Did you mean one of these?
    cache:clear
    config:clear
    debugbar:clear
    event:clear
    icons:clear
    media-library:clean
    media-library:clear
    optimize
    optimize:clear
    purify:clear
    queue:clear
    route:clear
    view:clear at C:\\xampp\\htdocs\\taquad\\vendor\\symfony\\console\\Application.php:737)
[stacktrace]
#0 C:\\xampp\\htdocs\\taquad\\vendor\\symfony\\console\\Application.php(266): Symfony\\Component\\Console\\Application->find('optimize:clerar')
#1 C:\\xampp\\htdocs\\taquad\\vendor\\symfony\\console\\Application.php(175): Symfony\\Component\\Console\\Application->doRun(Object(Symfony\\Component\\Console\\Input\\ArgvInput), Object(Symfony\\Component\\Console\\Output\\ConsoleOutput))
#2 C:\\xampp\\htdocs\\taquad\\vendor\\laravel\\framework\\src\\Illuminate\\Foundation\\Console\\Kernel.php(201): Symfony\\Component\\Console\\Application->run(Object(Symfony\\Component\\Console\\Input\\ArgvInput), Object(Symfony\\Component\\Console\\Output\\ConsoleOutput))
#3 C:\\xampp\\htdocs\\taquad\\artisan(35): Illuminate\\Foundation\\Console\\Kernel->handle(Object(Symfony\\Component\\Console\\Input\\ArgvInput), Object(Symfony\\Component\\Console\\Output\\ConsoleOutput))
#4 {main}
"} 
[2025-11-11 11:37:56] local.INFO: livewire.middleware {"uri":"/taquad/livewire/update","status":200} 
[2025-11-11 11:38:04] local.INFO: livewire.middleware {"uri":"/taquad/livewire/update","status":200} 
[2025-11-11 11:38:09] local.INFO: livewire.middleware {"uri":"/taquad/livewire/update","status":200} 
[2025-11-11 11:38:19] local.INFO: livewire.middleware {"uri":"/taquad/livewire/update","status":200} 
[2025-11-11 11:38:25] local.INFO: livewire.middleware {"uri":"/taquad/livewire/update","status":200} 
[2025-11-11 11:38:31] local.INFO: livewire.middleware {"uri":"/taquad/livewire/update","status":200} 
[2025-11-11 11:38:33] local.INFO: livewire.middleware {"uri":"/taquad/livewire/update","status":200} 
[2025-11-11 11:38:35] local.INFO: livewire.middleware {"uri":"/taquad/livewire/update","status":200} 
[2025-11-11 11:38:40] local.INFO: livewire.middleware {"uri":"/taquad/livewire/update","status":200} 
[2025-11-11 11:38:46] local.INFO: livewire.middleware {"uri":"/taquad/livewire/update","status":200} 
[2025-11-11 11:38:48] local.INFO: WorkspaceComponent@sendMessage:start {"conversation_id":1,"user_id":1} 
[2025-11-11 11:38:48] local.INFO: messaging.store {"conversation_id":1,"message_id":33,"user_id":1,"has_attachments":true} 
[2025-11-11 11:38:49] local.INFO: WorkspaceComponent@sendMessage:stored {"message_id":33,"conversation_id":1} 
[2025-11-11 11:38:49] local.INFO: livewire.middleware {"uri":"/taquad/livewire/update","status":200} 
[2025-11-11 11:38:50] local.INFO: livewire.middleware {"uri":"/taquad/livewire/update","status":200} 
[2025-11-11 11:38:53] local.INFO: livewire.middleware {"uri":"/taquad/livewire/update","status":200} 
[2025-11-11 11:38:59] local.INFO: livewire.middleware {"uri":"/taquad/livewire/update","status":200} 
[2025-11-11 11:39:03] local.INFO: livewire.middleware {"uri":"/taquad/livewire/update","status":200} 
[2025-11-11 11:39:13] local.INFO: livewire.middleware {"uri":"/taquad/livewire/update","status":200} 
[2025-11-11 11:39:19] local.INFO: livewire.middleware {"uri":"/taquad/livewire/update","status":200} 
[2025-11-11 11:39:26] local.INFO: livewire.middleware {"uri":"/taquad/livewire/update","status":200} 
[2025-11-11 11:39:33] local.INFO: livewire.middleware {"uri":"/taquad/livewire/update","status":200} 
[2025-11-11 11:39:42] local.INFO: livewire.middleware {"uri":"/taquad/livewire/update","status":200} 
[2025-11-11 11:39:48] local.INFO: livewire.middleware {"uri":"/taquad/livewire/update","status":200} 
[2025-11-11 11:39:55] local.INFO: livewire.middleware {"uri":"/taquad/livewire/update","status":200} 
[2025-11-11 11:40:03] local.INFO: livewire.middleware {"uri":"/taquad/livewire/update","status":200} 
[2025-11-11 11:40:10] local.INFO: livewire.middleware {"uri":"/taquad/livewire/update","status":200} 
[2025-11-11 11:40:18] local.INFO: livewire.middleware {"uri":"/taquad/livewire/update","status":200} 
[2025-11-11 11:40:23] local.INFO: livewire.middleware {"uri":"/taquad/livewire/update","status":200} 
[2025-11-11 11:40:26] local.INFO: livewire.middleware {"uri":"/taquad/livewire/update","status":200} 
[2025-11-11 11:40:44] local.INFO: livewire.middleware {"uri":"/taquad/livewire/update","status":200} 
[2025-11-11 11:40:48] local.INFO: livewire.middleware {"uri":"/taquad/livewire/update","status":200} 
[2025-11-11 11:40:54] local.INFO: livewire.middleware {"uri":"/taquad/livewire/update","status":200} 
[2025-11-11 11:40:59] local.INFO: livewire.middleware {"uri":"/taquad/livewire/update","status":200} 
[2025-11-11 11:41:07] local.INFO: livewire.middleware {"uri":"/taquad/livewire/update","status":200} 
[2025-11-11 11:41:14] local.INFO: livewire.middleware {"uri":"/taquad/livewire/update","status":200} 
[2025-11-11 11:41:20] local.INFO: livewire.middleware {"uri":"/taquad/livewire/update","status":200} 
[2025-11-11 11:41:29] local.INFO: livewire.middleware {"uri":"/taquad/livewire/update","status":200} 
[2025-11-11 11:41:34] local.INFO: livewire.middleware {"uri":"/taquad/livewire/update","status":200} 
[2025-11-11 11:41:41] local.INFO: livewire.middleware {"uri":"/taquad/livewire/update","status":200} 
[2025-11-11 11:41:49] local.INFO: livewire.middleware {"uri":"/taquad/livewire/update","status":200} 
[2025-11-11 11:41:55] local.INFO: livewire.middleware {"uri":"/taquad/livewire/update","status":200} 
[2025-11-11 11:42:02] local.INFO: livewire.middleware {"uri":"/taquad/livewire/update","status":200} 
[2025-11-11 11:42:09] local.INFO: livewire.middleware {"uri":"/taquad/livewire/update","status":200} 
[2025-11-11 11:42:15] local.INFO: livewire.middleware {"uri":"/taquad/livewire/update","status":200} 
[2025-11-11 11:42:23] local.INFO: livewire.middleware {"uri":"/taquad/livewire/update","status":200} 
[2025-11-11 11:42:30] local.INFO: livewire.middleware {"uri":"/taquad/livewire/update","status":200} 
[2025-11-11 11:42:37] local.INFO: livewire.middleware {"uri":"/taquad/livewire/update","status":200} 
[2025-11-11 11:42:44] local.INFO: livewire.middleware {"uri":"/taquad/livewire/update","status":200} 
[2025-11-11 11:42:51] local.INFO: livewire.middleware {"uri":"/taquad/livewire/update","status":200} 
[2025-11-11 11:42:58] local.INFO: livewire.middleware {"uri":"/taquad/livewire/update","status":200} 
[2025-11-11 11:43:05] local.INFO: livewire.middleware {"uri":"/taquad/livewire/update","status":200} 
[2025-11-11 11:43:12] local.INFO: livewire.middleware {"uri":"/taquad/livewire/update","status":200} 
[2025-11-11 11:43:19] local.INFO: livewire.middleware {"uri":"/taquad/livewire/update","status":200} 
[2025-11-11 11:43:26] local.INFO: livewire.middleware {"uri":"/taquad/livewire/update","status":200} 
[2025-11-11 11:43:34] local.INFO: livewire.middleware {"uri":"/taquad/livewire/update","status":200} 
[2025-11-11 11:43:40] local.INFO: livewire.middleware {"uri":"/taquad/livewire/update","status":200} 
[2025-11-11 11:43:48] local.INFO: livewire.middleware {"uri":"/taquad/livewire/update","status":200} 
[2025-11-11 11:43:54] local.INFO: livewire.middleware {"uri":"/taquad/livewire/update","status":200} 
[2025-11-11 11:44:02] local.INFO: livewire.middleware {"uri":"/taquad/livewire/update","status":200} 
[2025-11-11 11:44:09] local.INFO: livewire.middleware {"uri":"/taquad/livewire/update","status":200} 
[2025-11-11 11:44:15] local.INFO: livewire.middleware {"uri":"/taquad/livewire/update","status":200} 
[2025-11-11 11:44:22] local.INFO: livewire.middleware {"uri":"/taquad/livewire/update","status":200} 
[2025-11-11 11:44:29] local.INFO: livewire.middleware {"uri":"/taquad/livewire/update","status":200} 
[2025-11-11 11:44:37] local.INFO: livewire.middleware {"uri":"/taquad/livewire/update","status":200} 
[2025-11-11 11:44:43] local.INFO: livewire.middleware {"uri":"/taquad/livewire/update","status":200} 
[2025-11-11 11:44:50] local.INFO: livewire.middleware {"uri":"/taquad/livewire/update","status":200} 
[2025-11-11 11:44:58] local.INFO: livewire.middleware {"uri":"/taquad/livewire/update","status":200} 
[2025-11-11 11:45:04] local.INFO: livewire.middleware {"uri":"/taquad/livewire/update","status":200} 
[2025-11-11 11:45:11] local.INFO: livewire.middleware {"uri":"/taquad/livewire/update","status":200} 
[2025-11-11 11:45:20] local.INFO: livewire.middleware {"uri":"/taquad/livewire/update","status":200} 
[2025-11-11 11:45:24] local.INFO: livewire.middleware {"uri":"/taquad/livewire/update","status":200} 
[2025-11-11 11:45:33] local.INFO: livewire.middleware {"uri":"/taquad/livewire/update","status":200} 
[2025-11-11 11:45:39] local.INFO: livewire.middleware {"uri":"/taquad/livewire/update","status":200} 
[2025-11-11 11:45:46] local.INFO: livewire.middleware {"uri":"/taquad/livewire/update","status":200} 
[2025-11-11 11:45:53] local.INFO: livewire.middleware {"uri":"/taquad/livewire/update","status":200} 
[2025-11-11 11:46:01] local.INFO: livewire.middleware {"uri":"/taquad/livewire/update","status":200} 
[2025-11-11 11:46:08] local.INFO: livewire.middleware {"uri":"/taquad/livewire/update","status":200} 
[2025-11-11 11:46:13] local.INFO: WorkspaceComponent@sendMessage:start {"conversation_id":1,"user_id":1} 
[2025-11-11 11:46:14] local.INFO: livewire.middleware {"uri":"/taquad/livewire/update","status":200} 
[2025-11-11 11:46:15] local.INFO: livewire.middleware {"uri":"/taquad/livewire/update","status":200} 
[2025-11-11 11:46:22] local.INFO: livewire.middleware {"uri":"/taquad/livewire/update","status":200} 
[2025-11-11 11:46:30] local.INFO: livewire.middleware {"uri":"/taquad/livewire/update","status":200} 
[2025-11-11 11:46:36] local.INFO: livewire.middleware {"uri":"/taquad/livewire/update","status":200} 
[2025-11-11 11:46:43] local.INFO: livewire.middleware {"uri":"/taquad/livewire/update","status":200} 
[2025-11-11 11:46:50] local.INFO: livewire.middleware {"uri":"/taquad/livewire/update","status":200} 
[2025-11-11 11:46:58] local.INFO: livewire.middleware {"uri":"/taquad/livewire/update","status":200} 
[2025-11-11 11:47:05] local.INFO: livewire.middleware {"uri":"/taquad/livewire/update","status":200} 
[2025-11-11 11:47:12] local.INFO: livewire.middleware {"uri":"/taquad/livewire/update","status":200} 
[2025-11-11 11:47:19] local.INFO: livewire.middleware {"uri":"/taquad/livewire/update","status":200} 
[2025-11-11 11:47:26] local.INFO: livewire.middleware {"uri":"/taquad/livewire/update","status":200} 
[2025-11-11 11:47:33] local.INFO: livewire.middleware {"uri":"/taquad/livewire/update","status":200} 
[2025-11-11 11:47:40] local.INFO: livewire.middleware {"uri":"/taquad/livewire/update","status":200} 
[2025-11-11 11:47:47] local.INFO: livewire.middleware {"uri":"/taquad/livewire/update","status":200} 
[2025-11-11 11:47:53] local.INFO: livewire.middleware {"uri":"/taquad/livewire/update","status":200} 
[2025-11-11 11:48:01] local.INFO: livewire.middleware {"uri":"/taquad/livewire/update","status":200} 
[2025-11-11 11:48:07] local.INFO: livewire.middleware {"uri":"/taquad/livewire/update","status":200} 
[2025-11-11 11:48:17] local.INFO: livewire.middleware {"uri":"/taquad/livewire/update","status":200} 
[2025-11-11 11:48:21] local.INFO: livewire.middleware {"uri":"/taquad/livewire/update","status":200} 
[2025-11-11 11:48:28] local.INFO: livewire.middleware {"uri":"/taquad/livewire/update","status":200} 
[2025-11-11 11:48:49] local.INFO: livewire.middleware {"uri":"/taquad/livewire/update","status":200} 
[2025-11-11 11:48:55] local.INFO: livewire.middleware {"uri":"/taquad/livewire/update","status":200} 
[2025-11-11 11:49:02] local.INFO: livewire.middleware {"uri":"/taquad/livewire/update","status":200} 
[2025-11-11 11:49:09] local.INFO: livewire.middleware {"uri":"/taquad/livewire/update","status":200} 
[2025-11-11 11:49:16] local.INFO: livewire.middleware {"uri":"/taquad/livewire/update","status":200} 
[2025-11-11 11:49:23] local.INFO: livewire.middleware {"uri":"/taquad/livewire/update","status":200} 
[2025-11-11 11:49:30] local.INFO: livewire.middleware {"uri":"/taquad/livewire/update","status":200} 
[2025-11-11 11:49:37] local.INFO: livewire.middleware {"uri":"/taquad/livewire/update","status":200} 
[2025-11-11 11:49:44] local.INFO: livewire.middleware {"uri":"/taquad/livewire/update","status":200} 
[2025-11-11 11:49:51] local.INFO: livewire.middleware {"uri":"/taquad/livewire/update","status":200} 
[2025-11-11 11:49:58] local.INFO: livewire.middleware {"uri":"/taquad/livewire/update","status":200} 
[2025-11-11 11:50:05] local.INFO: livewire.middleware {"uri":"/taquad/livewire/update","status":200} 
[2025-11-11 11:50:12] local.INFO: livewire.middleware {"uri":"/taquad/livewire/update","status":200} 
[2025-11-11 11:50:19] local.INFO: livewire.middleware {"uri":"/taquad/livewire/update","status":200} 
[2025-11-11 11:50:26] local.INFO: livewire.middleware {"uri":"/taquad/livewire/update","status":200} 
[2025-11-11 11:50:33] local.INFO: livewire.middleware {"uri":"/taquad/livewire/update","status":200} 
[2025-11-11 11:50:40] local.INFO: livewire.middleware {"uri":"/taquad/livewire/update","status":200} 
[2025-11-11 11:50:47] local.INFO: livewire.middleware {"uri":"/taquad/livewire/update","status":200} 
[2025-11-11 11:50:54] local.INFO: livewire.middleware {"uri":"/taquad/livewire/update","status":200} 
[2025-11-11 11:51:01] local.INFO: livewire.middleware {"uri":"/taquad/livewire/update","status":200} 
[2025-11-11 11:51:08] local.INFO: livewire.middleware {"uri":"/taquad/livewire/update","status":200} 
[2025-11-11 11:51:15] local.INFO: livewire.middleware {"uri":"/taquad/livewire/update","status":200} 
[2025-11-11 11:51:22] local.INFO: livewire.middleware {"uri":"/taquad/livewire/update","status":200} 
[2025-11-11 11:51:29] local.INFO: livewire.middleware {"uri":"/taquad/livewire/update","status":200} 
[2025-11-11 11:51:36] local.INFO: livewire.middleware {"uri":"/taquad/livewire/update","status":200} 
[2025-11-11 11:51:43] local.INFO: livewire.middleware {"uri":"/taquad/livewire/update","status":200} 
[2025-11-11 11:51:50] local.INFO: livewire.middleware {"uri":"/taquad/livewire/update","status":200} 
[2025-11-11 11:51:57] local.INFO: livewire.middleware {"uri":"/taquad/livewire/update","status":200} 
[2025-11-11 11:52:04] local.INFO: livewire.middleware {"uri":"/taquad/livewire/update","status":200} 
[2025-11-11 11:52:11] local.INFO: livewire.middleware {"uri":"/taquad/livewire/update","status":200} 
[2025-11-11 11:52:18] local.INFO: livewire.middleware {"uri":"/taquad/livewire/update","status":200} 
[2025-11-11 11:52:25] local.INFO: livewire.middleware {"uri":"/taquad/livewire/update","status":200} 
[2025-11-11 11:52:32] local.INFO: livewire.middleware {"uri":"/taquad/livewire/update","status":200} 
[2025-11-11 11:52:39] local.INFO: livewire.middleware {"uri":"/taquad/livewire/update","status":200} 
[2025-11-11 11:52:46] local.INFO: livewire.middleware {"uri":"/taquad/livewire/update","status":200} 
[2025-11-11 11:52:53] local.INFO: livewire.middleware {"uri":"/taquad/livewire/update","status":200} 
[2025-11-11 11:53:00] local.INFO: livewire.middleware {"uri":"/taquad/livewire/update","status":200} 
[2025-11-11 11:53:07] local.INFO: livewire.middleware {"uri":"/taquad/livewire/update","status":200} 
[2025-11-11 11:53:14] local.INFO: livewire.middleware {"uri":"/taquad/livewire/update","status":200} 
[2025-11-11 11:53:21] local.INFO: livewire.middleware {"uri":"/taquad/livewire/update","status":200} 
[2025-11-11 11:53:28] local.INFO: livewire.middleware {"uri":"/taquad/livewire/update","status":200} 
[2025-11-11 11:53:35] local.INFO: livewire.middleware {"uri":"/taquad/livewire/update","status":200} 
[2025-11-11 11:53:42] local.INFO: livewire.middleware {"uri":"/taquad/livewire/update","status":200} 
[2025-11-11 11:53:49] local.INFO: livewire.middleware {"uri":"/taquad/livewire/update","status":200} 
[2025-11-11 11:53:56] local.INFO: livewire.middleware {"uri":"/taquad/livewire/update","status":200} 
[2025-11-11 11:54:03] local.INFO: livewire.middleware {"uri":"/taquad/livewire/update","status":200} 
[2025-11-11 11:54:10] local.INFO: livewire.middleware {"uri":"/taquad/livewire/update","status":200} 
[2025-11-11 11:54:17] local.INFO: livewire.middleware {"uri":"/taquad/livewire/update","status":200} 
[2025-11-11 11:54:24] local.INFO: livewire.middleware {"uri":"/taquad/livewire/update","status":200} 
[2025-11-11 11:54:31] local.INFO: livewire.middleware {"uri":"/taquad/livewire/update","status":200} 
[2025-11-11 11:54:38] local.INFO: livewire.middleware {"uri":"/taquad/livewire/update","status":200} 
[2025-11-11 11:54:45] local.INFO: livewire.middleware {"uri":"/taquad/livewire/update","status":200} 
[2025-11-11 11:54:52] local.INFO: livewire.middleware {"uri":"/taquad/livewire/update","status":200} 
[2025-11-11 11:54:57] local.INFO: livewire.middleware {"uri":"/taquad/livewire/update","status":200} 
[2025-11-11 11:55:08] local.INFO: livewire.middleware {"uri":"/taquad/livewire/update","status":200} 
[2025-11-11 11:55:15] local.INFO: livewire.middleware {"uri":"/taquad/livewire/update","status":200} 
[2025-11-11 11:55:23] local.INFO: livewire.middleware {"uri":"/taquad/livewire/update","status":200} 
[2025-11-11 11:55:30] local.INFO: livewire.middleware {"uri":"/taquad/livewire/update","status":200} 
[2025-11-11 11:55:37] local.INFO: livewire.middleware {"uri":"/taquad/livewire/update","status":200} 
[2025-11-11 11:55:45] local.INFO: livewire.middleware {"uri":"/taquad/livewire/update","status":200} 
[2025-11-11 11:55:51] local.INFO: livewire.middleware {"uri":"/taquad/livewire/update","status":200} 
[2025-11-11 11:55:58] local.INFO: livewire.middleware {"uri":"/taquad/livewire/update","status":200} 
[2025-11-11 11:56:05] local.INFO: livewire.middleware {"uri":"/taquad/livewire/update","status":200} 
[2025-11-11 11:56:12] local.INFO: livewire.middleware {"uri":"/taquad/livewire/update","status":200} 
[2025-11-11 11:56:19] local.INFO: livewire.middleware {"uri":"/taquad/livewire/update","status":200} 
[2025-11-11 11:56:27] local.INFO: livewire.middleware {"uri":"/taquad/livewire/update","status":200} 
[2025-11-11 11:56:33] local.INFO: livewire.middleware {"uri":"/taquad/livewire/update","status":200} 
[2025-11-11 11:56:39] local.INFO: livewire.middleware {"uri":"/taquad/livewire/update","status":200} 
[2025-11-11 11:56:58] local.INFO: livewire.middleware {"uri":"/taquad/livewire/update","status":200} 
[2025-11-11 11:57:05] local.INFO: livewire.middleware {"uri":"/taquad/livewire/update","status":200} 
[2025-11-11 11:57:12] local.INFO: livewire.middleware {"uri":"/taquad/livewire/update","status":200} 
[2025-11-11 11:57:19] local.INFO: livewire.middleware {"uri":"/taquad/livewire/update","status":200} 
[2025-11-11 11:57:26] local.INFO: livewire.middleware {"uri":"/taquad/livewire/update","status":200} 
[2025-11-11 11:57:33] local.INFO: livewire.middleware {"uri":"/taquad/livewire/update","status":200} 
[2025-11-11 11:57:39] local.INFO: livewire.middleware {"uri":"/taquad/livewire/update","status":200} 
[2025-11-11 11:57:46] local.INFO: livewire.middleware {"uri":"/taquad/livewire/update","status":200} 
[2025-11-11 11:57:54] local.INFO: livewire.middleware {"uri":"/taquad/livewire/update","status":200} 
[2025-11-11 11:58:01] local.INFO: livewire.middleware {"uri":"/taquad/livewire/update","status":200} 
[2025-11-11 11:58:07] local.INFO: livewire.middleware {"uri":"/taquad/livewire/update","status":200} 
[2025-11-11 11:58:15] local.INFO: livewire.middleware {"uri":"/taquad/livewire/update","status":200} 
[2025-11-11 11:58:22] local.INFO: livewire.middleware {"uri":"/taquad/livewire/update","status":200} 
[2025-11-11 11:58:29] local.INFO: livewire.middleware {"uri":"/taquad/livewire/update","status":200} 
[2025-11-11 11:58:34] local.INFO: livewire.middleware {"uri":"/taquad/livewire/update","status":200} 
[2025-11-11 11:58:41] local.INFO: livewire.middleware {"uri":"/taquad/livewire/update","status":200} 
[2025-11-11 11:58:49] local.INFO: livewire.middleware {"uri":"/taquad/livewire/update","status":200} 
[2025-11-11 11:58:57] local.INFO: livewire.middleware {"uri":"/taquad/livewire/update","status":200} 
[2025-11-11 11:59:03] local.INFO: livewire.middleware {"uri":"/taquad/livewire/update","status":200} 
